<?xml version="1.0" encoding="UTF-8" ?>
<testsuites name="vitest tests" tests="6" failures="3" errors="0" time="0.2068663">
    <testsuite name="src/components/Sidebar.test.tsx" timestamp="2026-03-26T14:41:24.774Z" hostname="Lokeshwaran-PC" tests="6" failures="3" errors="0" skipped="0" time="0.2068663">
        <testcase classname="src/components/Sidebar.test.tsx" name="Sidebar Component &gt; renders protein progress correctly" time="0.1002672">
            <system-err>
React does not recognize the `whileHover` prop on a DOM element. If you intentionally want it to appear in the DOM as a custom attribute, spell it as lowercase `whilehover` instead. If you accidentally passed it from a parent component, remove it from the DOM element.
React does not recognize the `whileTap` prop on a DOM element. If you intentionally want it to appear in the DOM as a custom attribute, spell it as lowercase `whiletap` instead. If you accidentally passed it from a parent component, remove it from the DOM element.
React does not recognize the `layoutId` prop on a DOM element. If you intentionally want it to appear in the DOM as a custom attribute, spell it as lowercase `layoutid` instead. If you accidentally passed it from a parent component, remove it from the DOM element.

            </system-err>
            <failure message="Found multiple elements with the text: /50/

Here are the matching elements:

Ignored nodes: comments, script, style
[36m&lt;span[39m
  [33mclass[39m=[32m&quot;text-[24px] font-light tracking-tighter leading-none text-[var(--text)]&quot;[39m
[36m&gt;[39m
  [0m50[0m
[36m&lt;/span&gt;[39m

Ignored nodes: comments, script, style
[36m&lt;span[39m
  [33mclass[39m=[32m&quot;text-[24px] font-light tracking-tighter leading-none text-[var(--text)]&quot;[39m
[36m&gt;[39m
  [0m1500[0m
[36m&lt;/span&gt;[39m

Ignored nodes: comments, script, style
[36m&lt;span[39m
  [33mclass[39m=[32m&quot;text-[11px] font-black&quot;[39m
  [33mstyle[39m=[32m&quot;color: rgb(230, 126, 34);&quot;[39m
[36m&gt;[39m
  [0m1500[0m
[36m&lt;/span&gt;[39m

Ignored nodes: comments, script, style
[36m&lt;span[39m
  [33mclass[39m=[32m&quot;text-[11px] font-black&quot;[39m
  [33mstyle[39m=[32m&quot;color: rgb(230, 172, 80);&quot;[39m
[36m&gt;[39m
  [0m150.0[0m
[36m&lt;/span&gt;[39m

Ignored nodes: comments, script, style
[36m&lt;span[39m
  [33mclass[39m=[32m&quot;text-[11px] font-black&quot;[39m
  [33mstyle[39m=[32m&quot;color: rgb(212, 162, 58);&quot;[39m
[36m&gt;[39m
  [0m50.0[0m
[36m&lt;/span&gt;[39m

(If this is intentional, then use the `*AllBy*` variant of the query (like `queryAllByText`, `getAllByText`, or `findAllByText`)).

Ignored nodes: comments, script, style
[36m&lt;body&gt;[39m
  [36m&lt;div&gt;[39m
    [36m&lt;div[39m
      [33mclass[39m=[32m&quot;ui-pane h-full overflow-hidden flex flex-col !p-0 sidebar-scroll-container&quot;[39m
    [36m&gt;[39m
      [36m&lt;div[39m
        [33mclass[39m=[32m&quot;flex flex-col h-full !p-4 !gap-0&quot;[39m
      [36m&gt;[39m
        [36m&lt;div[39m
          [33mclass[39m=[32m&quot;flex flex-col gap-4 mb-6 flex-none&quot;[39m
        [36m&gt;[39m
          [36m&lt;div[39m
            [33mclass[39m=[32m&quot;flex items-center gap-2.5&quot;[39m
          [36m&gt;[39m
            [36m&lt;div[39m
              [33mclass[39m=[32m&quot;w-5 h-5 rounded bg-[rgba(0,0,0,0.04)] flex items-center justify-center&quot;[39m
            [36m&gt;[39m
              [36m&lt;svg[39m
                [33maria-hidden[39m=[32m&quot;true&quot;[39m
                [33mclass[39m=[32m&quot;lucide lucide-target w-3 h-3 text-[var(--accent)]&quot;[39m
                [33mfill[39m=[32m&quot;none&quot;[39m
                [33mheight[39m=[32m&quot;24&quot;[39m
                [33mstroke[39m=[32m&quot;currentColor&quot;[39m
                [33mstroke-linecap[39m=[32m&quot;round&quot;[39m
                [33mstroke-linejoin[39m=[32m&quot;round&quot;[39m
                [33mstroke-width[39m=[32m&quot;2.5&quot;[39m
                [33mviewBox[39m=[32m&quot;0 0 24 24&quot;[39m
                [33mwidth[39m=[32m&quot;24&quot;[39m
                [33mxmlns[39m=[32m&quot;http://www.w3.org/2000/svg&quot;[39m
              [36m&gt;[39m
                [36m&lt;circle[39m
                  [33mcx[39m=[32m&quot;12&quot;[39m
                  [33mcy[39m=[32m&quot;12&quot;[39m
                  [33mr[39m=[32m&quot;10&quot;[39m
                [36m/&gt;[39m
                [36m&lt;circle[39m
                  [33mcx[39m=[32m&quot;12&quot;[39m
                  [33mcy[39m=[32m&quot;12&quot;[39m
                  [33mr[39m=[32m&quot;6&quot;[39m
                [36m/&gt;[39m
                [36m&lt;circle[39m
                  [33mcx[39m=[32m&quot;12&quot;[39m
                  [33mcy[39m=[32m&quot;12&quot;[39m
                  [33mr[39m=[32m&quot;2&quot;[39m
                [36m/&gt;[39m
              [36m&lt;/svg&gt;[39m
            [36m&lt;/div&gt;[39m
            [36m&lt;span[39m
              [33mclass[39m=[32m&quot;text-[9px] font-black uppercase tracking-widest opacity-60&quot;[39m
            [36m&gt;[39m
              [0mProgress Today[0m
            [36m&lt;/span&gt;[39m
          [36m&lt;/div&gt;[39m
          [36m&lt;div[39m
            [33mclass[39m=[32m&quot;relative flex flex-col gap-2 p-2 rounded-2xl transition-all cursor-pointer  &quot;[39m
            [33mwhilehover[39m=[32m&quot;[object Object]&quot;[39m
            [33mwhiletap[39m=[32m&quot;[object Object]&quot;[39m
          [36m&gt;[39m
            [36m&lt;div[39m
              [33mclass[39m=[32m&quot;flex justify-between items-baseline px-0.5&quot;[39m
            [36m&gt;[39m
              [36m&lt;div[39m
                [33mclass[39m=[32m&quot;flex items-center gap-2&quot;[39m
              [36m&gt;[39m
                [36m&lt;svg[39m
                  [33maria-hidden[39m=[32m&quot;true&quot;[39m
                  [33mclass[39m=[32m&quot;lucide lucide-beef w-3.5 h-3.5&quot;[39m
                  [33mfill[39m=[32m&quot;none&quot;[39m
                  [33mheight[39m=[32m&quot;24&quot;[39m
                  [33mstroke[39m=[32m&quot;currentColor&quot;[39m
                  [33mstroke-linecap[39m=[32m&quot;round&quot;[39m
                  [33mstroke-linejoin[39m=[32m&quot;round&quot;[39m
                  [33mstroke-width[39m=[32m&quot;2.5&quot;[39m
                  [33mstyle[39m=[32m&quot;color: rgb(139, 69, 19);&quot;[39m
                  [33mviewBox[39m=[32m&quot;0 0 24 24&quot;[39m
                  [33mwidth[39m=[32m&quot;24&quot;[39m
                  [33mxmlns[39m=[32m&quot;http://www.w3.org/2000/svg&quot;[39m
                [36m&gt;[39m
                  [36m&lt;path[39m
                    [33md[39m=[32m&quot;M16.4 13.7A6.5 6.5 0 1 0 6.28 6.6c-1.1 3.13-.78 3.9-3.18 6.08A3 3 0 0 0 5 18c4 0 8.4-1.8 11.4-4.3&quot;[39m
                  [36m/&gt;[39m
                  [36m&lt;path[39m
                    [33md[39m=[32m&quot;m18.5 6 2.19 4.5a6.48 6.48 0 0 1-2.29 7.2C15.4 20.2 11 22 7 22a3 3 0 0 1-2.68-1.66L2.4 16.5&quot;[39m
                  [36m/&gt;[39m
                  [36m&lt;circle[39m
                    [33mcx[39m=[32m&quot;12.5&quot;[39m
                    [33mcy[39m=[32m&quot;8.5&quot;[39m
                    [33mr[39m=[32m&quot;2.5&quot;[39m
                  [36m/&gt;[39m
                [36m&lt;/svg&gt;[39m
                [36m&lt;span[39m
                  [33mclass[39m=[32m&quot;text-[10px] font-bold opacity-60 text-[var(--text)] uppercase tracking-tight&quot;[39m
                [36m&gt;[39m
                  [0mProtein[0m
                [36m&lt;/span&gt;[39m
              [36m&lt;/div&gt;[39m
              [36m&lt;div[39m
                [33mclass[39m=[32m&quot;flex items-baseline gap-1&quot;[39m
              [36m&gt;[39m
                [36m&lt;span[39m
                  [33mclass[39m=[32m&quot;text-[24px] font-light tracking-tighter leading-none text-[var(--text)]&quot;[39m
                [36m&gt;[39m
                  [0m50[0m
                [36m&lt;/span&gt;[39m
                [36m&lt;span[39m
                  [33mclass[39m=[32m&quot;text-[10px] text-[var(--text-muted)] opacity-50 font-bold&quot;[39m
                [36m&gt;[39m
                  [0m/[0m
                  [0m100g[0m
                [36m&lt;/span&gt;[39m
              [36m&lt;/div&gt;[39m
            [36m&lt;/div&gt;[39m
            [36m&lt;div[39m
              [33mclass[39m=[32m&quot;progress-bar h-1 rounded-full overflow-hidden bg-[rgba(0,0,0,0.1)] &quot;[39m
            [36m&gt;[39m
              [36m&lt;div[39m
                [33manimate[39m=[32m&quot;[object Object]&quot;[39m
                [33mclass[39m=[32m&quot;progress-fill h-full rounded-full &quot;[39m
                [33minitial[39m=[32m&quot;[object Object]&quot;[39m
                [33mtransition[39m=[32m&quot;[object Object]&quot;[39m
              [36m/&gt;[39m
            [36m&lt;/div&gt;[39m
          [36m&lt;/div&gt;[39m
          [36m&lt;div[39m
            [33mclass[39m=[32m&quot;relative flex flex-col gap-2 p-2 rounded-2xl transition-all cursor-pointer  &quot;[39m
            [33mwhilehover[39m=[32m&quot;[object Object]&quot;[39m
            [33mwhiletap[39m=[32m&quot;[object Object]&quot;[39m
          [36m&gt;[39m
            [36m&lt;div[39m
              [33mclass[39m=[32m&quot;flex justify-between items-baseline px-0.5&quot;[39m
            [36m&gt;[39m
              [36m&lt;div[39m
                [33mclass[39m=[32m&quot;flex items-center gap-2&quot;[39m
              [36m&gt;[39m
                [36m&lt;svg[39m
                  [33maria-hidden[39m=[32m&quot;true&quot;[39m
                  [33mclass[39m=[32m&quot;lucide lucide-flame w-3.5 h-3.5&quot;[39m
                  [33mfill[39m=[32m&quot;none&quot;[39m
                  [33mheight[39m=[32m&quot;24&quot;[39m
                  [33mstroke[39m=[32m&quot;currentColor&quot;[39m
                  [33mstroke-linecap[39m=[32m&quot;round&quot;[39m
                  [33mstroke-linejoin[39m=[32m&quot;round&quot;[39m
                  [33mstroke-width[39m=[32m&quot;2.5&quot;[39m
                  [33mstyle[39m=[32m&quot;color: rgb(230, 126, 34);&quot;[39m
                  [33mviewBox[39m=[32m&quot;0 0 24 24&quot;[39m
                  [33mwidth[39m=[32m&quot;24..." type="TestingLibraryElementError">
TestingLibraryElementError: Found multiple elements with the text: /50/

Here are the matching elements:

Ignored nodes: comments, script, style
&lt;span
  class=&quot;text-[24px] font-light tracking-tighter leading-none text-[var(--text)]&quot;
&gt;
  50
&lt;/span&gt;

Ignored nodes: comments, script, style
&lt;span
  class=&quot;text-[24px] font-light tracking-tighter leading-none text-[var(--text)]&quot;
&gt;
  1500
&lt;/span&gt;

Ignored nodes: comments, script, style
&lt;span
  class=&quot;text-[11px] font-black&quot;
  style=&quot;color: rgb(230, 126, 34);&quot;
&gt;
  1500
&lt;/span&gt;

Ignored nodes: comments, script, style
&lt;span
  class=&quot;text-[11px] font-black&quot;
  style=&quot;color: rgb(230, 172, 80);&quot;
&gt;
  150.0
&lt;/span&gt;

Ignored nodes: comments, script, style
&lt;span
  class=&quot;text-[11px] font-black&quot;
  style=&quot;color: rgb(212, 162, 58);&quot;
&gt;
  50.0
&lt;/span&gt;

(If this is intentional, then use the `*AllBy*` variant of the query (like `queryAllByText`, `getAllByText`, or `findAllByText`)).

Ignored nodes: comments, script, style
&lt;body&gt;
  &lt;div&gt;
    &lt;div
      class=&quot;ui-pane h-full overflow-hidden flex flex-col !p-0 sidebar-scroll-container&quot;
    &gt;
      &lt;div
        class=&quot;flex flex-col h-full !p-4 !gap-0&quot;
      &gt;
        &lt;div
          class=&quot;flex flex-col gap-4 mb-6 flex-none&quot;
        &gt;
          &lt;div
            class=&quot;flex items-center gap-2.5&quot;
          &gt;
            &lt;div
              class=&quot;w-5 h-5 rounded bg-[rgba(0,0,0,0.04)] flex items-center justify-center&quot;
            &gt;
              &lt;svg
                aria-hidden=&quot;true&quot;
                class=&quot;lucide lucide-target w-3 h-3 text-[var(--accent)]&quot;
                fill=&quot;none&quot;
                height=&quot;24&quot;
                stroke=&quot;currentColor&quot;
                stroke-linecap=&quot;round&quot;
                stroke-linejoin=&quot;round&quot;
                stroke-width=&quot;2.5&quot;
                viewBox=&quot;0 0 24 24&quot;
                width=&quot;24&quot;
                xmlns=&quot;http://www.w3.org/2000/svg&quot;
              &gt;
                &lt;circle
                  cx=&quot;12&quot;
                  cy=&quot;12&quot;
                  r=&quot;10&quot;
                /&gt;
                &lt;circle
                  cx=&quot;12&quot;
                  cy=&quot;12&quot;
                  r=&quot;6&quot;
                /&gt;
                &lt;circle
                  cx=&quot;12&quot;
                  cy=&quot;12&quot;
                  r=&quot;2&quot;
                /&gt;
              &lt;/svg&gt;
            &lt;/div&gt;
            &lt;span
              class=&quot;text-[9px] font-black uppercase tracking-widest opacity-60&quot;
            &gt;
              Progress Today
            &lt;/span&gt;
          &lt;/div&gt;
          &lt;div
            class=&quot;relative flex flex-col gap-2 p-2 rounded-2xl transition-all cursor-pointer  &quot;
            whilehover=&quot;[object Object]&quot;
            whiletap=&quot;[object Object]&quot;
          &gt;
            &lt;div
              class=&quot;flex justify-between items-baseline px-0.5&quot;
            &gt;
              &lt;div
                class=&quot;flex items-center gap-2&quot;
              &gt;
                &lt;svg
                  aria-hidden=&quot;true&quot;
                  class=&quot;lucide lucide-beef w-3.5 h-3.5&quot;
                  fill=&quot;none&quot;
                  height=&quot;24&quot;
                  stroke=&quot;currentColor&quot;
                  stroke-linecap=&quot;round&quot;
                  stroke-linejoin=&quot;round&quot;
                  stroke-width=&quot;2.5&quot;
                  style=&quot;color: rgb(139, 69, 19);&quot;
                  viewBox=&quot;0 0 24 24&quot;
                  width=&quot;24&quot;
                  xmlns=&quot;http://www.w3.org/2000/svg&quot;
                &gt;
                  &lt;path
                    d=&quot;M16.4 13.7A6.5 6.5 0 1 0 6.28 6.6c-1.1 3.13-.78 3.9-3.18 6.08A3 3 0 0 0 5 18c4 0 8.4-1.8 11.4-4.3&quot;
                  /&gt;
                  &lt;path
                    d=&quot;m18.5 6 2.19 4.5a6.48 6.48 0 0 1-2.29 7.2C15.4 20.2 11 22 7 22a3 3 0 0 1-2.68-1.66L2.4 16.5&quot;
                  /&gt;
                  &lt;circle
                    cx=&quot;12.5&quot;
                    cy=&quot;8.5&quot;
                    r=&quot;2.5&quot;
                  /&gt;
                &lt;/svg&gt;
                &lt;span
                  class=&quot;text-[10px] font-bold opacity-60 text-[var(--text)] uppercase tracking-tight&quot;
                &gt;
                  Protein
                &lt;/span&gt;
              &lt;/div&gt;
              &lt;div
                class=&quot;flex items-baseline gap-1&quot;
              &gt;
                &lt;span
                  class=&quot;text-[24px] font-light tracking-tighter leading-none text-[var(--text)]&quot;
                &gt;
                  50
                &lt;/span&gt;
                &lt;span
                  class=&quot;text-[10px] text-[var(--text-muted)] opacity-50 font-bold&quot;
                &gt;
                  /
                  100g
                &lt;/span&gt;
              &lt;/div&gt;
            &lt;/div&gt;
            &lt;div
              class=&quot;progress-bar h-1 rounded-full overflow-hidden bg-[rgba(0,0,0,0.1)] &quot;
            &gt;
              &lt;div
                animate=&quot;[object Object]&quot;
                class=&quot;progress-fill h-full rounded-full &quot;
                initial=&quot;[object Object]&quot;
                transition=&quot;[object Object]&quot;
              /&gt;
            &lt;/div&gt;
          &lt;/div&gt;
          &lt;div
            class=&quot;relative flex flex-col gap-2 p-2 rounded-2xl transition-all cursor-pointer  &quot;
            whilehover=&quot;[object Object]&quot;
            whiletap=&quot;[object Object]&quot;
          &gt;
            &lt;div
              class=&quot;flex justify-between items-baseline px-0.5&quot;
            &gt;
              &lt;div
                class=&quot;flex items-center gap-2&quot;
              &gt;
                &lt;svg
                  aria-hidden=&quot;true&quot;
                  class=&quot;lucide lucide-flame w-3.5 h-3.5&quot;
                  fill=&quot;none&quot;
                  height=&quot;24&quot;
                  stroke=&quot;currentColor&quot;
                  stroke-linecap=&quot;round&quot;
                  stroke-linejoin=&quot;round&quot;
                  stroke-width=&quot;2.5&quot;
                  style=&quot;color: rgb(230, 126, 34);&quot;
                  viewBox=&quot;0 0 24 24&quot;
                  width=&quot;24...
 ❯ Object.getElementError node_modules/@testing-library/dom/dist/config.js:37:19
 ❯ getElementError node_modules/@testing-library/dom/dist/query-helpers.js:20:35
 ❯ getMultipleElementsFoundError node_modules/@testing-library/dom/dist/query-helpers.js:23:10
 ❯ node_modules/@testing-library/dom/dist/query-helpers.js:55:13
 ❯ node_modules/@testing-library/dom/dist/query-helpers.js:95:19
 ❯ src/components/Sidebar.test.tsx:40:19
            </failure>
        </testcase>
        <testcase classname="src/components/Sidebar.test.tsx" name="Sidebar Component &gt; handles protein goal reached correctly" time="0.02942">
            <failure message="Found multiple elements with the text: /100/

Here are the matching elements:

Ignored nodes: comments, script, style
[36m&lt;span[39m
  [33mclass[39m=[32m&quot;text-[24px] font-light tracking-tighter leading-none text-[var(--text)]&quot;[39m
[36m&gt;[39m
  [0m100[0m
[36m&lt;/span&gt;[39m

Ignored nodes: comments, script, style
[36m&lt;span[39m
  [33mclass[39m=[32m&quot;text-[10px] text-[var(--text-muted)] opacity-50 font-bold&quot;[39m
[36m&gt;[39m
  [0m/[0m
  [0m100g[0m
[36m&lt;/span&gt;[39m

(If this is intentional, then use the `*AllBy*` variant of the query (like `queryAllByText`, `getAllByText`, or `findAllByText`)).

Ignored nodes: comments, script, style
[36m&lt;body&gt;[39m
  [36m&lt;div&gt;[39m
    [36m&lt;div[39m
      [33mclass[39m=[32m&quot;ui-pane h-full overflow-hidden flex flex-col !p-0 sidebar-scroll-container&quot;[39m
    [36m&gt;[39m
      [36m&lt;div[39m
        [33mclass[39m=[32m&quot;flex flex-col h-full !p-4 !gap-0&quot;[39m
      [36m&gt;[39m
        [36m&lt;div[39m
          [33mclass[39m=[32m&quot;flex flex-col gap-4 mb-6 flex-none&quot;[39m
        [36m&gt;[39m
          [36m&lt;div[39m
            [33mclass[39m=[32m&quot;flex items-center gap-2.5&quot;[39m
          [36m&gt;[39m
            [36m&lt;div[39m
              [33mclass[39m=[32m&quot;w-5 h-5 rounded bg-[rgba(0,0,0,0.04)] flex items-center justify-center&quot;[39m
            [36m&gt;[39m
              [36m&lt;svg[39m
                [33maria-hidden[39m=[32m&quot;true&quot;[39m
                [33mclass[39m=[32m&quot;lucide lucide-target w-3 h-3 text-[var(--accent)]&quot;[39m
                [33mfill[39m=[32m&quot;none&quot;[39m
                [33mheight[39m=[32m&quot;24&quot;[39m
                [33mstroke[39m=[32m&quot;currentColor&quot;[39m
                [33mstroke-linecap[39m=[32m&quot;round&quot;[39m
                [33mstroke-linejoin[39m=[32m&quot;round&quot;[39m
                [33mstroke-width[39m=[32m&quot;2.5&quot;[39m
                [33mviewBox[39m=[32m&quot;0 0 24 24&quot;[39m
                [33mwidth[39m=[32m&quot;24&quot;[39m
                [33mxmlns[39m=[32m&quot;http://www.w3.org/2000/svg&quot;[39m
              [36m&gt;[39m
                [36m&lt;circle[39m
                  [33mcx[39m=[32m&quot;12&quot;[39m
                  [33mcy[39m=[32m&quot;12&quot;[39m
                  [33mr[39m=[32m&quot;10&quot;[39m
                [36m/&gt;[39m
                [36m&lt;circle[39m
                  [33mcx[39m=[32m&quot;12&quot;[39m
                  [33mcy[39m=[32m&quot;12&quot;[39m
                  [33mr[39m=[32m&quot;6&quot;[39m
                [36m/&gt;[39m
                [36m&lt;circle[39m
                  [33mcx[39m=[32m&quot;12&quot;[39m
                  [33mcy[39m=[32m&quot;12&quot;[39m
                  [33mr[39m=[32m&quot;2&quot;[39m
                [36m/&gt;[39m
              [36m&lt;/svg&gt;[39m
            [36m&lt;/div&gt;[39m
            [36m&lt;span[39m
              [33mclass[39m=[32m&quot;text-[9px] font-black uppercase tracking-widest opacity-60&quot;[39m
            [36m&gt;[39m
              [0mProgress Today[0m
            [36m&lt;/span&gt;[39m
          [36m&lt;/div&gt;[39m
          [36m&lt;div[39m
            [33mclass[39m=[32m&quot;relative flex flex-col gap-2 p-2 rounded-2xl transition-all cursor-pointer  &quot;[39m
            [33mwhilehover[39m=[32m&quot;[object Object]&quot;[39m
            [33mwhiletap[39m=[32m&quot;[object Object]&quot;[39m
          [36m&gt;[39m
            [36m&lt;div[39m
              [33mclass[39m=[32m&quot;flex justify-between items-baseline px-0.5&quot;[39m
            [36m&gt;[39m
              [36m&lt;div[39m
                [33mclass[39m=[32m&quot;flex items-center gap-2&quot;[39m
              [36m&gt;[39m
                [36m&lt;svg[39m
                  [33maria-hidden[39m=[32m&quot;true&quot;[39m
                  [33mclass[39m=[32m&quot;lucide lucide-beef w-3.5 h-3.5&quot;[39m
                  [33mfill[39m=[32m&quot;none&quot;[39m
                  [33mheight[39m=[32m&quot;24&quot;[39m
                  [33mstroke[39m=[32m&quot;currentColor&quot;[39m
                  [33mstroke-linecap[39m=[32m&quot;round&quot;[39m
                  [33mstroke-linejoin[39m=[32m&quot;round&quot;[39m
                  [33mstroke-width[39m=[32m&quot;2.5&quot;[39m
                  [33mstyle[39m=[32m&quot;color: rgb(139, 69, 19);&quot;[39m
                  [33mviewBox[39m=[32m&quot;0 0 24 24&quot;[39m
                  [33mwidth[39m=[32m&quot;24&quot;[39m
                  [33mxmlns[39m=[32m&quot;http://www.w3.org/2000/svg&quot;[39m
                [36m&gt;[39m
                  [36m&lt;path[39m
                    [33md[39m=[32m&quot;M16.4 13.7A6.5 6.5 0 1 0 6.28 6.6c-1.1 3.13-.78 3.9-3.18 6.08A3 3 0 0 0 5 18c4 0 8.4-1.8 11.4-4.3&quot;[39m
                  [36m/&gt;[39m
                  [36m&lt;path[39m
                    [33md[39m=[32m&quot;m18.5 6 2.19 4.5a6.48 6.48 0 0 1-2.29 7.2C15.4 20.2 11 22 7 22a3 3 0 0 1-2.68-1.66L2.4 16.5&quot;[39m
                  [36m/&gt;[39m
                  [36m&lt;circle[39m
                    [33mcx[39m=[32m&quot;12.5&quot;[39m
                    [33mcy[39m=[32m&quot;8.5&quot;[39m
                    [33mr[39m=[32m&quot;2.5&quot;[39m
                  [36m/&gt;[39m
                [36m&lt;/svg&gt;[39m
                [36m&lt;span[39m
                  [33mclass[39m=[32m&quot;text-[10px] font-bold opacity-60 text-[var(--text)] uppercase tracking-tight&quot;[39m
                [36m&gt;[39m
                  [0mProtein[0m
                [36m&lt;/span&gt;[39m
              [36m&lt;/div&gt;[39m
              [36m&lt;div[39m
                [33mclass[39m=[32m&quot;flex items-baseline gap-1&quot;[39m
              [36m&gt;[39m
                [36m&lt;span[39m
                  [33mclass[39m=[32m&quot;text-[24px] font-light tracking-tighter leading-none text-[var(--text)]&quot;[39m
                [36m&gt;[39m
                  [0m100[0m
                [36m&lt;/span&gt;[39m
                [36m&lt;span[39m
                  [33mclass[39m=[32m&quot;text-[10px] text-[var(--text-muted)] opacity-50 font-bold&quot;[39m
                [36m&gt;[39m
                  [0m/[0m
                  [0m100g[0m
                [36m&lt;/span&gt;[39m
              [36m&lt;/div&gt;[39m
            [36m&lt;/div&gt;[39m
            [36m&lt;div[39m
              [33mclass[39m=[32m&quot;progress-bar h-1 rounded-full overflow-hidden bg-[rgba(0,0,0,0.1)] &quot;[39m
            [36m&gt;[39m
              [36m&lt;div[39m
                [33manimate[39m=[32m&quot;[object Object]&quot;[39m
                [33mclass[39m=[32m&quot;progress-fill h-full rounded-full hit&quot;[39m
                [33minitial[39m=[32m&quot;[object Object]&quot;[39m
                [33mtransition[39m=[32m&quot;[object Object]&quot;[39m
              [36m/&gt;[39m
            [36m&lt;/div&gt;[39m
          [36m&lt;/div&gt;[39m
          [36m&lt;div[39m
            [33mclass[39m=[32m&quot;relative flex flex-col gap-2 p-2 rounded-2xl transition-all cursor-pointer  &quot;[39m
            [33mwhilehover[39m=[32m&quot;[object Object]&quot;[39m
            [33mwhiletap[39m=[32m&quot;[object Object]&quot;[39m
          [36m&gt;[39m
            [36m&lt;div[39m
              [33mclass[39m=[32m&quot;flex justify-between items-baseline px-0.5&quot;[39m
            [36m&gt;[39m
              [36m&lt;div[39m
                [33mclass[39m=[32m&quot;flex items-center gap-2&quot;[39m
              [36m&gt;[39m
                [36m&lt;svg[39m
                  [33maria-hidden[39m=[32m&quot;true&quot;[39m
                  [33mclass[39m=[32m&quot;lucide lucide-flame w-3.5 h-3.5&quot;[39m
                  [33mfill[39m=[32m&quot;none&quot;[39m
                  [33mheight[39m=[32m&quot;24&quot;[39m
                  [33mstroke[39m=[32m&quot;currentColor&quot;[39m
                  [33mstroke-linecap[39m=[32m&quot;round&quot;[39m
                  [33mstroke-linejoin[39m=[32m&quot;round&quot;[39m
                  [33mstroke-width[39m=[32m&quot;2.5&quot;[39m
                  [33mstyle[39m=[32m&quot;color: rgb(230, 126, 34);&quot;[39m
                  [33mviewBox[39m=[32m&quot;0 0 24 24&quot;[39m
                  [33mwidth[39m=[32..." type="TestingLibraryElementError">
TestingLibraryElementError: Found multiple elements with the text: /100/

Here are the matching elements:

Ignored nodes: comments, script, style
&lt;span
  class=&quot;text-[24px] font-light tracking-tighter leading-none text-[var(--text)]&quot;
&gt;
  100
&lt;/span&gt;

Ignored nodes: comments, script, style
&lt;span
  class=&quot;text-[10px] text-[var(--text-muted)] opacity-50 font-bold&quot;
&gt;
  /
  100g
&lt;/span&gt;

(If this is intentional, then use the `*AllBy*` variant of the query (like `queryAllByText`, `getAllByText`, or `findAllByText`)).

Ignored nodes: comments, script, style
&lt;body&gt;
  &lt;div&gt;
    &lt;div
      class=&quot;ui-pane h-full overflow-hidden flex flex-col !p-0 sidebar-scroll-container&quot;
    &gt;
      &lt;div
        class=&quot;flex flex-col h-full !p-4 !gap-0&quot;
      &gt;
        &lt;div
          class=&quot;flex flex-col gap-4 mb-6 flex-none&quot;
        &gt;
          &lt;div
            class=&quot;flex items-center gap-2.5&quot;
          &gt;
            &lt;div
              class=&quot;w-5 h-5 rounded bg-[rgba(0,0,0,0.04)] flex items-center justify-center&quot;
            &gt;
              &lt;svg
                aria-hidden=&quot;true&quot;
                class=&quot;lucide lucide-target w-3 h-3 text-[var(--accent)]&quot;
                fill=&quot;none&quot;
                height=&quot;24&quot;
                stroke=&quot;currentColor&quot;
                stroke-linecap=&quot;round&quot;
                stroke-linejoin=&quot;round&quot;
                stroke-width=&quot;2.5&quot;
                viewBox=&quot;0 0 24 24&quot;
                width=&quot;24&quot;
                xmlns=&quot;http://www.w3.org/2000/svg&quot;
              &gt;
                &lt;circle
                  cx=&quot;12&quot;
                  cy=&quot;12&quot;
                  r=&quot;10&quot;
                /&gt;
                &lt;circle
                  cx=&quot;12&quot;
                  cy=&quot;12&quot;
                  r=&quot;6&quot;
                /&gt;
                &lt;circle
                  cx=&quot;12&quot;
                  cy=&quot;12&quot;
                  r=&quot;2&quot;
                /&gt;
              &lt;/svg&gt;
            &lt;/div&gt;
            &lt;span
              class=&quot;text-[9px] font-black uppercase tracking-widest opacity-60&quot;
            &gt;
              Progress Today
            &lt;/span&gt;
          &lt;/div&gt;
          &lt;div
            class=&quot;relative flex flex-col gap-2 p-2 rounded-2xl transition-all cursor-pointer  &quot;
            whilehover=&quot;[object Object]&quot;
            whiletap=&quot;[object Object]&quot;
          &gt;
            &lt;div
              class=&quot;flex justify-between items-baseline px-0.5&quot;
            &gt;
              &lt;div
                class=&quot;flex items-center gap-2&quot;
              &gt;
                &lt;svg
                  aria-hidden=&quot;true&quot;
                  class=&quot;lucide lucide-beef w-3.5 h-3.5&quot;
                  fill=&quot;none&quot;
                  height=&quot;24&quot;
                  stroke=&quot;currentColor&quot;
                  stroke-linecap=&quot;round&quot;
                  stroke-linejoin=&quot;round&quot;
                  stroke-width=&quot;2.5&quot;
                  style=&quot;color: rgb(139, 69, 19);&quot;
                  viewBox=&quot;0 0 24 24&quot;
                  width=&quot;24&quot;
                  xmlns=&quot;http://www.w3.org/2000/svg&quot;
                &gt;
                  &lt;path
                    d=&quot;M16.4 13.7A6.5 6.5 0 1 0 6.28 6.6c-1.1 3.13-.78 3.9-3.18 6.08A3 3 0 0 0 5 18c4 0 8.4-1.8 11.4-4.3&quot;
                  /&gt;
                  &lt;path
                    d=&quot;m18.5 6 2.19 4.5a6.48 6.48 0 0 1-2.29 7.2C15.4 20.2 11 22 7 22a3 3 0 0 1-2.68-1.66L2.4 16.5&quot;
                  /&gt;
                  &lt;circle
                    cx=&quot;12.5&quot;
                    cy=&quot;8.5&quot;
                    r=&quot;2.5&quot;
                  /&gt;
                &lt;/svg&gt;
                &lt;span
                  class=&quot;text-[10px] font-bold opacity-60 text-[var(--text)] uppercase tracking-tight&quot;
                &gt;
                  Protein
                &lt;/span&gt;
              &lt;/div&gt;
              &lt;div
                class=&quot;flex items-baseline gap-1&quot;
              &gt;
                &lt;span
                  class=&quot;text-[24px] font-light tracking-tighter leading-none text-[var(--text)]&quot;
                &gt;
                  100
                &lt;/span&gt;
                &lt;span
                  class=&quot;text-[10px] text-[var(--text-muted)] opacity-50 font-bold&quot;
                &gt;
                  /
                  100g
                &lt;/span&gt;
              &lt;/div&gt;
            &lt;/div&gt;
            &lt;div
              class=&quot;progress-bar h-1 rounded-full overflow-hidden bg-[rgba(0,0,0,0.1)] &quot;
            &gt;
              &lt;div
                animate=&quot;[object Object]&quot;
                class=&quot;progress-fill h-full rounded-full hit&quot;
                initial=&quot;[object Object]&quot;
                transition=&quot;[object Object]&quot;
              /&gt;
            &lt;/div&gt;
          &lt;/div&gt;
          &lt;div
            class=&quot;relative flex flex-col gap-2 p-2 rounded-2xl transition-all cursor-pointer  &quot;
            whilehover=&quot;[object Object]&quot;
            whiletap=&quot;[object Object]&quot;
          &gt;
            &lt;div
              class=&quot;flex justify-between items-baseline px-0.5&quot;
            &gt;
              &lt;div
                class=&quot;flex items-center gap-2&quot;
              &gt;
                &lt;svg
                  aria-hidden=&quot;true&quot;
                  class=&quot;lucide lucide-flame w-3.5 h-3.5&quot;
                  fill=&quot;none&quot;
                  height=&quot;24&quot;
                  stroke=&quot;currentColor&quot;
                  stroke-linecap=&quot;round&quot;
                  stroke-linejoin=&quot;round&quot;
                  stroke-width=&quot;2.5&quot;
                  style=&quot;color: rgb(230, 126, 34);&quot;
                  viewBox=&quot;0 0 24 24&quot;
                  width=...
 ❯ Object.getElementError node_modules/@testing-library/dom/dist/config.js:37:19
 ❯ getElementError node_modules/@testing-library/dom/dist/query-helpers.js:20:35
 ❯ getMultipleElementsFoundError node_modules/@testing-library/dom/dist/query-helpers.js:23:10
 ❯ node_modules/@testing-library/dom/dist/query-helpers.js:55:13
 ❯ node_modules/@testing-library/dom/dist/query-helpers.js:95:19
 ❯ src/components/Sidebar.test.tsx:46:19
            </failure>
        </testcase>
        <testcase classname="src/components/Sidebar.test.tsx" name="Sidebar Component &gt; renders calorie progress and remaining kcal correctly" time="0.0222774">
            <failure message="Found multiple elements with the text: /Calories/i

Here are the matching elements:

Ignored nodes: comments, script, style
[36m&lt;span[39m
  [33mclass[39m=[32m&quot;text-[10px] font-bold opacity-60 text-[var(--text)] uppercase tracking-tight&quot;[39m
[36m&gt;[39m
  [0mCalories[0m
[36m&lt;/span&gt;[39m

Ignored nodes: comments, script, style
[36m&lt;span[39m
  [33mclass[39m=[32m&quot;text-[9px] font-bold uppercase opacity-50 tracking-wide text-left&quot;[39m
[36m&gt;[39m
  [0mCalories[0m
[36m&lt;/span&gt;[39m

(If this is intentional, then use the `*AllBy*` variant of the query (like `queryAllByText`, `getAllByText`, or `findAllByText`)).

Ignored nodes: comments, script, style
[36m&lt;body&gt;[39m
  [36m&lt;div&gt;[39m
    [36m&lt;div[39m
      [33mclass[39m=[32m&quot;ui-pane h-full overflow-hidden flex flex-col !p-0 sidebar-scroll-container&quot;[39m
    [36m&gt;[39m
      [36m&lt;div[39m
        [33mclass[39m=[32m&quot;flex flex-col h-full !p-4 !gap-0&quot;[39m
      [36m&gt;[39m
        [36m&lt;div[39m
          [33mclass[39m=[32m&quot;flex flex-col gap-4 mb-6 flex-none&quot;[39m
        [36m&gt;[39m
          [36m&lt;div[39m
            [33mclass[39m=[32m&quot;flex items-center gap-2.5&quot;[39m
          [36m&gt;[39m
            [36m&lt;div[39m
              [33mclass[39m=[32m&quot;w-5 h-5 rounded bg-[rgba(0,0,0,0.04)] flex items-center justify-center&quot;[39m
            [36m&gt;[39m
              [36m&lt;svg[39m
                [33maria-hidden[39m=[32m&quot;true&quot;[39m
                [33mclass[39m=[32m&quot;lucide lucide-target w-3 h-3 text-[var(--accent)]&quot;[39m
                [33mfill[39m=[32m&quot;none&quot;[39m
                [33mheight[39m=[32m&quot;24&quot;[39m
                [33mstroke[39m=[32m&quot;currentColor&quot;[39m
                [33mstroke-linecap[39m=[32m&quot;round&quot;[39m
                [33mstroke-linejoin[39m=[32m&quot;round&quot;[39m
                [33mstroke-width[39m=[32m&quot;2.5&quot;[39m
                [33mviewBox[39m=[32m&quot;0 0 24 24&quot;[39m
                [33mwidth[39m=[32m&quot;24&quot;[39m
                [33mxmlns[39m=[32m&quot;http://www.w3.org/2000/svg&quot;[39m
              [36m&gt;[39m
                [36m&lt;circle[39m
                  [33mcx[39m=[32m&quot;12&quot;[39m
                  [33mcy[39m=[32m&quot;12&quot;[39m
                  [33mr[39m=[32m&quot;10&quot;[39m
                [36m/&gt;[39m
                [36m&lt;circle[39m
                  [33mcx[39m=[32m&quot;12&quot;[39m
                  [33mcy[39m=[32m&quot;12&quot;[39m
                  [33mr[39m=[32m&quot;6&quot;[39m
                [36m/&gt;[39m
                [36m&lt;circle[39m
                  [33mcx[39m=[32m&quot;12&quot;[39m
                  [33mcy[39m=[32m&quot;12&quot;[39m
                  [33mr[39m=[32m&quot;2&quot;[39m
                [36m/&gt;[39m
              [36m&lt;/svg&gt;[39m
            [36m&lt;/div&gt;[39m
            [36m&lt;span[39m
              [33mclass[39m=[32m&quot;text-[9px] font-black uppercase tracking-widest opacity-60&quot;[39m
            [36m&gt;[39m
              [0mProgress Today[0m
            [36m&lt;/span&gt;[39m
          [36m&lt;/div&gt;[39m
          [36m&lt;div[39m
            [33mclass[39m=[32m&quot;relative flex flex-col gap-2 p-2 rounded-2xl transition-all cursor-pointer  &quot;[39m
            [33mwhilehover[39m=[32m&quot;[object Object]&quot;[39m
            [33mwhiletap[39m=[32m&quot;[object Object]&quot;[39m
          [36m&gt;[39m
            [36m&lt;div[39m
              [33mclass[39m=[32m&quot;flex justify-between items-baseline px-0.5&quot;[39m
            [36m&gt;[39m
              [36m&lt;div[39m
                [33mclass[39m=[32m&quot;flex items-center gap-2&quot;[39m
              [36m&gt;[39m
                [36m&lt;svg[39m
                  [33maria-hidden[39m=[32m&quot;true&quot;[39m
                  [33mclass[39m=[32m&quot;lucide lucide-beef w-3.5 h-3.5&quot;[39m
                  [33mfill[39m=[32m&quot;none&quot;[39m
                  [33mheight[39m=[32m&quot;24&quot;[39m
                  [33mstroke[39m=[32m&quot;currentColor&quot;[39m
                  [33mstroke-linecap[39m=[32m&quot;round&quot;[39m
                  [33mstroke-linejoin[39m=[32m&quot;round&quot;[39m
                  [33mstroke-width[39m=[32m&quot;2.5&quot;[39m
                  [33mstyle[39m=[32m&quot;color: rgb(139, 69, 19);&quot;[39m
                  [33mviewBox[39m=[32m&quot;0 0 24 24&quot;[39m
                  [33mwidth[39m=[32m&quot;24&quot;[39m
                  [33mxmlns[39m=[32m&quot;http://www.w3.org/2000/svg&quot;[39m
                [36m&gt;[39m
                  [36m&lt;path[39m
                    [33md[39m=[32m&quot;M16.4 13.7A6.5 6.5 0 1 0 6.28 6.6c-1.1 3.13-.78 3.9-3.18 6.08A3 3 0 0 0 5 18c4 0 8.4-1.8 11.4-4.3&quot;[39m
                  [36m/&gt;[39m
                  [36m&lt;path[39m
                    [33md[39m=[32m&quot;m18.5 6 2.19 4.5a6.48 6.48 0 0 1-2.29 7.2C15.4 20.2 11 22 7 22a3 3 0 0 1-2.68-1.66L2.4 16.5&quot;[39m
                  [36m/&gt;[39m
                  [36m&lt;circle[39m
                    [33mcx[39m=[32m&quot;12.5&quot;[39m
                    [33mcy[39m=[32m&quot;8.5&quot;[39m
                    [33mr[39m=[32m&quot;2.5&quot;[39m
                  [36m/&gt;[39m
                [36m&lt;/svg&gt;[39m
                [36m&lt;span[39m
                  [33mclass[39m=[32m&quot;text-[10px] font-bold opacity-60 text-[var(--text)] uppercase tracking-tight&quot;[39m
                [36m&gt;[39m
                  [0mProtein[0m
                [36m&lt;/span&gt;[39m
              [36m&lt;/div&gt;[39m
              [36m&lt;div[39m
                [33mclass[39m=[32m&quot;flex items-baseline gap-1&quot;[39m
              [36m&gt;[39m
                [36m&lt;span[39m
                  [33mclass[39m=[32m&quot;text-[24px] font-light tracking-tighter leading-none text-[var(--text)]&quot;[39m
                [36m&gt;[39m
                  [0m50[0m
                [36m&lt;/span&gt;[39m
                [36m&lt;span[39m
                  [33mclass[39m=[32m&quot;text-[10px] text-[var(--text-muted)] opacity-50 font-bold&quot;[39m
                [36m&gt;[39m
                  [0m/[0m
                  [0m100g[0m
                [36m&lt;/span&gt;[39m
              [36m&lt;/div&gt;[39m
            [36m&lt;/div&gt;[39m
            [36m&lt;div[39m
              [33mclass[39m=[32m&quot;progress-bar h-1 rounded-full overflow-hidden bg-[rgba(0,0,0,0.1)] &quot;[39m
            [36m&gt;[39m
              [36m&lt;div[39m
                [33manimate[39m=[32m&quot;[object Object]&quot;[39m
                [33mclass[39m=[32m&quot;progress-fill h-full rounded-full &quot;[39m
                [33minitial[39m=[32m&quot;[object Object]&quot;[39m
                [33mtransition[39m=[32m&quot;[object Object]&quot;[39m
              [36m/&gt;[39m
            [36m&lt;/div&gt;[39m
          [36m&lt;/div&gt;[39m
          [36m&lt;div[39m
            [33mclass[39m=[32m&quot;relative flex flex-col gap-2 p-2 rounded-2xl transition-all cursor-pointer  &quot;[39m
            [33mwhilehover[39m=[32m&quot;[object Object]&quot;[39m
            [33mwhiletap[39m=[32m&quot;[object Object]&quot;[39m
          [36m&gt;[39m
            [36m&lt;div[39m
              [33mclass[39m=[32m&quot;flex justify-between items-baseline px-0.5&quot;[39m
            [36m&gt;[39m
              [36m&lt;div[39m
                [33mclass[39m=[32m&quot;flex items-center gap-2&quot;[39m
              [36m&gt;[39m
                [36m&lt;svg[39m
                  [33maria-hidden[39m=[32m&quot;true&quot;[39m
                  [33mclass[39m=[32m&quot;lucide lucide-flame w-3.5 h-3.5&quot;[39m
                  [33mfill[39m=[32m&quot;none&quot;[39m
                  [33mheight[39m=[32m&quot;24&quot;[39m
                  [33mstroke[39m=[32m&quot;currentColor&quot;[39m
                  [33mstroke-linecap[39m=[32m&quot;round&quot;[39m
                  [33mstroke-linejoin[39m=[32m&quot;round&quot;[39m
                  [33mstroke-width[39m=[32m&quot;2.5&quot;[39m
                  [33mstyle[39m=[32m&quot;color: rgb(230, 126, 34);&quot;[39m
                  [33mviewBox[39m=[32m&quot;0 0 24 24&quot;[39m
                  [33mwidth[39m=[32m&quot;24..." type="TestingLibraryElementError">
TestingLibraryElementError: Found multiple elements with the text: /Calories/i

Here are the matching elements:

Ignored nodes: comments, script, style
&lt;span
  class=&quot;text-[10px] font-bold opacity-60 text-[var(--text)] uppercase tracking-tight&quot;
&gt;
  Calories
&lt;/span&gt;

Ignored nodes: comments, script, style
&lt;span
  class=&quot;text-[9px] font-bold uppercase opacity-50 tracking-wide text-left&quot;
&gt;
  Calories
&lt;/span&gt;

(If this is intentional, then use the `*AllBy*` variant of the query (like `queryAllByText`, `getAllByText`, or `findAllByText`)).

Ignored nodes: comments, script, style
&lt;body&gt;
  &lt;div&gt;
    &lt;div
      class=&quot;ui-pane h-full overflow-hidden flex flex-col !p-0 sidebar-scroll-container&quot;
    &gt;
      &lt;div
        class=&quot;flex flex-col h-full !p-4 !gap-0&quot;
      &gt;
        &lt;div
          class=&quot;flex flex-col gap-4 mb-6 flex-none&quot;
        &gt;
          &lt;div
            class=&quot;flex items-center gap-2.5&quot;
          &gt;
            &lt;div
              class=&quot;w-5 h-5 rounded bg-[rgba(0,0,0,0.04)] flex items-center justify-center&quot;
            &gt;
              &lt;svg
                aria-hidden=&quot;true&quot;
                class=&quot;lucide lucide-target w-3 h-3 text-[var(--accent)]&quot;
                fill=&quot;none&quot;
                height=&quot;24&quot;
                stroke=&quot;currentColor&quot;
                stroke-linecap=&quot;round&quot;
                stroke-linejoin=&quot;round&quot;
                stroke-width=&quot;2.5&quot;
                viewBox=&quot;0 0 24 24&quot;
                width=&quot;24&quot;
                xmlns=&quot;http://www.w3.org/2000/svg&quot;
              &gt;
                &lt;circle
                  cx=&quot;12&quot;
                  cy=&quot;12&quot;
                  r=&quot;10&quot;
                /&gt;
                &lt;circle
                  cx=&quot;12&quot;
                  cy=&quot;12&quot;
                  r=&quot;6&quot;
                /&gt;
                &lt;circle
                  cx=&quot;12&quot;
                  cy=&quot;12&quot;
                  r=&quot;2&quot;
                /&gt;
              &lt;/svg&gt;
            &lt;/div&gt;
            &lt;span
              class=&quot;text-[9px] font-black uppercase tracking-widest opacity-60&quot;
            &gt;
              Progress Today
            &lt;/span&gt;
          &lt;/div&gt;
          &lt;div
            class=&quot;relative flex flex-col gap-2 p-2 rounded-2xl transition-all cursor-pointer  &quot;
            whilehover=&quot;[object Object]&quot;
            whiletap=&quot;[object Object]&quot;
          &gt;
            &lt;div
              class=&quot;flex justify-between items-baseline px-0.5&quot;
            &gt;
              &lt;div
                class=&quot;flex items-center gap-2&quot;
              &gt;
                &lt;svg
                  aria-hidden=&quot;true&quot;
                  class=&quot;lucide lucide-beef w-3.5 h-3.5&quot;
                  fill=&quot;none&quot;
                  height=&quot;24&quot;
                  stroke=&quot;currentColor&quot;
                  stroke-linecap=&quot;round&quot;
                  stroke-linejoin=&quot;round&quot;
                  stroke-width=&quot;2.5&quot;
                  style=&quot;color: rgb(139, 69, 19);&quot;
                  viewBox=&quot;0 0 24 24&quot;
                  width=&quot;24&quot;
                  xmlns=&quot;http://www.w3.org/2000/svg&quot;
                &gt;
                  &lt;path
                    d=&quot;M16.4 13.7A6.5 6.5 0 1 0 6.28 6.6c-1.1 3.13-.78 3.9-3.18 6.08A3 3 0 0 0 5 18c4 0 8.4-1.8 11.4-4.3&quot;
                  /&gt;
                  &lt;path
                    d=&quot;m18.5 6 2.19 4.5a6.48 6.48 0 0 1-2.29 7.2C15.4 20.2 11 22 7 22a3 3 0 0 1-2.68-1.66L2.4 16.5&quot;
                  /&gt;
                  &lt;circle
                    cx=&quot;12.5&quot;
                    cy=&quot;8.5&quot;
                    r=&quot;2.5&quot;
                  /&gt;
                &lt;/svg&gt;
                &lt;span
                  class=&quot;text-[10px] font-bold opacity-60 text-[var(--text)] uppercase tracking-tight&quot;
                &gt;
                  Protein
                &lt;/span&gt;
              &lt;/div&gt;
              &lt;div
                class=&quot;flex items-baseline gap-1&quot;
              &gt;
                &lt;span
                  class=&quot;text-[24px] font-light tracking-tighter leading-none text-[var(--text)]&quot;
                &gt;
                  50
                &lt;/span&gt;
                &lt;span
                  class=&quot;text-[10px] text-[var(--text-muted)] opacity-50 font-bold&quot;
                &gt;
                  /
                  100g
                &lt;/span&gt;
              &lt;/div&gt;
            &lt;/div&gt;
            &lt;div
              class=&quot;progress-bar h-1 rounded-full overflow-hidden bg-[rgba(0,0,0,0.1)] &quot;
            &gt;
              &lt;div
                animate=&quot;[object Object]&quot;
                class=&quot;progress-fill h-full rounded-full &quot;
                initial=&quot;[object Object]&quot;
                transition=&quot;[object Object]&quot;
              /&gt;
            &lt;/div&gt;
          &lt;/div&gt;
          &lt;div
            class=&quot;relative flex flex-col gap-2 p-2 rounded-2xl transition-all cursor-pointer  &quot;
            whilehover=&quot;[object Object]&quot;
            whiletap=&quot;[object Object]&quot;
          &gt;
            &lt;div
              class=&quot;flex justify-between items-baseline px-0.5&quot;
            &gt;
              &lt;div
                class=&quot;flex items-center gap-2&quot;
              &gt;
                &lt;svg
                  aria-hidden=&quot;true&quot;
                  class=&quot;lucide lucide-flame w-3.5 h-3.5&quot;
                  fill=&quot;none&quot;
                  height=&quot;24&quot;
                  stroke=&quot;currentColor&quot;
                  stroke-linecap=&quot;round&quot;
                  stroke-linejoin=&quot;round&quot;
                  stroke-width=&quot;2.5&quot;
                  style=&quot;color: rgb(230, 126, 34);&quot;
                  viewBox=&quot;0 0 24 24&quot;
                  width=&quot;24...
 ❯ Object.getElementError node_modules/@testing-library/dom/dist/config.js:37:19
 ❯ getElementError node_modules/@testing-library/dom/dist/query-helpers.js:20:35
 ❯ getMultipleElementsFoundError node_modules/@testing-library/dom/dist/query-helpers.js:23:10
 ❯ node_modules/@testing-library/dom/dist/query-helpers.js:55:13
 ❯ node_modules/@testing-library/dom/dist/query-helpers.js:95:19
 ❯ src/components/Sidebar.test.tsx:52:19
            </failure>
        </testcase>
        <testcase classname="src/components/Sidebar.test.tsx" name="Sidebar Component &gt; renders stats rows for weight, sleep, etc." time="0.021934">
        </testcase>
        <testcase classname="src/components/Sidebar.test.tsx" name="Sidebar Component &gt; calls setDayType when a day type button is clicked" time="0.0174972">
        </testcase>
        <testcase classname="src/components/Sidebar.test.tsx" name="Sidebar Component &gt; highlights the active day type" time="0.0127512">
        </testcase>
    </testsuite>
</testsuites>
