{"numTotalTestSuites":108,"numPassedTestSuites":106,"numFailedTestSuites":2,"numPendingTestSuites":0,"numTotalTests":228,"numPassedTests":228,"numFailedTests":0,"numPendingTests":0,"numTodoTests":0,"snapshot":{"added":0,"failure":false,"filesAdded":0,"filesRemoved":0,"filesRemovedList":[],"filesUnmatched":0,"filesUpdated":0,"matched":0,"total":0,"unchecked":0,"uncheckedKeysByFile":[],"unmatched":0,"updated":0,"didUpdate":false},"startTime":1774877490221,"success":false,"testResults":[{"assertionResults":[],"startTime":1774877490221,"endTime":1774877490221,"status":"failed","message":"Failed to resolve import \"react-hot-toast\" from \"src/app/page.tsx\". Does the file exist?","name":"D:/LiveFit Project/Project-LiveFit/src/app/page.test.tsx"},{"assertionResults":[{"ancestorTitles":["Chat Components","Chat Main Component"],"fullName":"Chat Components Chat Main Component renders welcome message for existing user","status":"passed","title":"renders welcome message for existing user","duration":642.8813,"failureMessages":[],"meta":{},"tags":[]},{"ancestorTitles":["Chat Components","Chat Main Component"],"fullName":"Chat Components Chat Main Component renders welcome message for new user","status":"passed","title":"renders welcome message for new user","duration":225.73729999999978,"failureMessages":[],"meta":{},"tags":[]},{"ancestorTitles":["Chat Components","Chat Main Component"],"fullName":"Chat Components Chat Main Component shows typing indicator when isTyping is true (handled via internal state usually, but we check if it shows up during send)","status":"passed","title":"shows typing indicator when isTyping is true (handled via internal state usually, but we check if it shows up during send)","duration":149.58719999999994,"failureMessages":[],"meta":{},"tags":[]},{"ancestorTitles":["Chat Components","Chat Main Component"],"fullName":"Chat Components Chat Main Component triggers nudge message when protein is low","status":"passed","title":"triggers nudge message when protein is low","duration":248.5680999999995,"failureMessages":[],"meta":{},"tags":[]},{"ancestorTitles":["Chat Components","QuickChips"],"fullName":"Chat Components QuickChips renders all chips","status":"passed","title":"renders all chips","duration":62.6204000000007,"failureMessages":[],"meta":{},"tags":[]},{"ancestorTitles":["Chat Components","QuickChips"],"fullName":"Chat Components QuickChips calls onSelect with correct text when a chip is clicked","status":"passed","title":"calls onSelect with correct text when a chip is clicked","duration":60.6824000000006,"failureMessages":[],"meta":{},"tags":[]}],"startTime":1774877496643,"endTime":1774877498033.6824,"status":"passed","message":"","name":"D:/LiveFit Project/Project-LiveFit/src/components/Chat.test.tsx"},{"assertionResults":[{"ancestorTitles":["Navbar Component"],"fullName":"Navbar Component renders all navigation tabs","status":"passed","title":"renders all navigation tabs","duration":294.71050000000014,"failureMessages":[],"meta":{},"tags":[]},{"ancestorTitles":["Navbar Component"],"fullName":"Navbar Component calls setActiveTab when a tab is clicked","status":"passed","title":"calls setActiveTab when a tab is clicked","duration":102.59819999999945,"failureMessages":[],"meta":{},"tags":[]},{"ancestorTitles":["Navbar Component"],"fullName":"Navbar Component shows user name when authenticated","status":"passed","title":"shows user name when authenticated","duration":57.56720000000041,"failureMessages":[],"meta":{},"tags":[]},{"ancestorTitles":["Navbar Component"],"fullName":"Navbar Component shows Sign In button when unauthenticated","status":"passed","title":"shows Sign In button when unauthenticated","duration":44.73459999999977,"failureMessages":[],"meta":{},"tags":[]},{"ancestorTitles":["Navbar Component"],"fullName":"Navbar Component calls toggleTheme when theme button is clicked","status":"passed","title":"calls toggleTheme when theme button is clicked","duration":92.35969999999998,"failureMessages":[],"meta":{},"tags":[]}],"startTime":1774877499596,"endTime":1774877500188.3596,"status":"passed","message":"","name":"D:/LiveFit Project/Project-LiveFit/src/components/Navbar.test.tsx"},{"assertionResults":[{"ancestorTitles":["RoutinesTab Component"],"fullName":"RoutinesTab Component renders loading state initially","status":"passed","title":"renders loading state initially","duration":99.3176999999996,"failureMessages":[],"meta":{},"tags":[]},{"ancestorTitles":["RoutinesTab Component"],"fullName":"RoutinesTab Component renders routine list after fetching data","status":"passed","title":"renders routine list after fetching data","duration":180.72689999999966,"failureMessages":[],"meta":{},"tags":[]},{"ancestorTitles":["RoutinesTab Component"],"fullName":"RoutinesTab Component calls onStart when start button is clicked","status":"passed","title":"calls onStart when start button is clicked","duration":111.34279999999944,"failureMessages":[],"meta":{},"tags":[]},{"ancestorTitles":["RoutinesTab Component"],"fullName":"RoutinesTab Component switches to create view and back","status":"passed","title":"switches to create view and back","duration":950.1831000000002,"failureMessages":[],"meta":{},"tags":[]},{"ancestorTitles":["RoutinesTab Component"],"fullName":"RoutinesTab Component searches for and adds an exercise to the new routine","status":"passed","title":"searches for and adds an exercise to the new routine","duration":189.83449999999993,"failureMessages":[],"meta":{},"tags":[]},{"ancestorTitles":["RoutinesTab Component"],"fullName":"RoutinesTab Component saves a new routine","status":"passed","title":"saves a new routine","duration":244.13529999999992,"failureMessages":[],"meta":{},"tags":[]}],"startTime":1774877495017,"endTime":1774877496800.1353,"status":"passed","message":"","name":"D:/LiveFit Project/Project-LiveFit/src/components/RoutinesTab.test.tsx"},{"assertionResults":[{"ancestorTitles":["Sidebar Component"],"fullName":"Sidebar Component renders protein progress correctly","status":"passed","title":"renders protein progress correctly","duration":381.4307999999992,"failureMessages":[],"meta":{},"tags":[]},{"ancestorTitles":["Sidebar Component"],"fullName":"Sidebar Component handles protein goal reached correctly","status":"passed","title":"handles protein goal reached correctly","duration":88.46649999999954,"failureMessages":[],"meta":{},"tags":[]},{"ancestorTitles":["Sidebar Component"],"fullName":"Sidebar Component renders calorie progress and remaining kcal correctly","status":"passed","title":"renders calorie progress and remaining kcal correctly","duration":85.36000000000058,"failureMessages":[],"meta":{},"tags":[]},{"ancestorTitles":["Sidebar Component"],"fullName":"Sidebar Component renders stats rows for weight, sleep, etc.","status":"passed","title":"renders stats rows for weight, sleep, etc.","duration":167.47969999999987,"failureMessages":[],"meta":{},"tags":[]},{"ancestorTitles":["Sidebar Component"],"fullName":"Sidebar Component calls setDayType when a day type button is clicked","status":"passed","title":"calls setDayType when a day type button is clicked","duration":87.34100000000035,"failureMessages":[],"meta":{},"tags":[]},{"ancestorTitles":["Sidebar Component"],"fullName":"Sidebar Component highlights the active day type","status":"passed","title":"highlights the active day type","duration":52.55280000000039,"failureMessages":[],"meta":{},"tags":[]},{"ancestorTitles":["Sidebar Component"],"fullName":"Sidebar Component opens and closes the metric popover","status":"passed","title":"opens and closes the metric popover","duration":107.91129999999976,"failureMessages":[],"meta":{},"tags":[]}],"startTime":1774877495176,"endTime":1774877496146.9114,"status":"passed","message":"","name":"D:/LiveFit Project/Project-LiveFit/src/components/Sidebar.test.tsx"},{"assertionResults":[{"ancestorTitles":["Animations"],"fullName":"Animations exports valid animation objects","status":"passed","title":"exports valid animation objects","duration":2.06880000000001,"failureMessages":[],"meta":{},"tags":[]}],"startTime":1774877507580,"endTime":1774877507582.0688,"status":"passed","message":"","name":"D:/LiveFit Project/Project-LiveFit/src/lib/animations.test.ts"},{"assertionResults":[{"ancestorTitles":[],"fullName":"parseJsonBody returns parsed data for a valid JSON request body","status":"passed","title":"parseJsonBody returns parsed data for a valid JSON request body","duration":8.21600000000035,"failureMessages":[],"meta":{},"tags":[]},{"ancestorTitles":[],"fullName":"parseJsonBody returns a 400 response when the body is malformed JSON","status":"passed","title":"parseJsonBody returns a 400 response when the body is malformed JSON","duration":2.2416000000002896,"failureMessages":[],"meta":{},"tags":[]},{"ancestorTitles":[],"fullName":"parseJsonBody returns validation details for invalid payloads","status":"passed","title":"parseJsonBody returns validation details for invalid payloads","duration":3.203899999999976,"failureMessages":[],"meta":{},"tags":[]},{"ancestorTitles":[],"fullName":"unauthorized returns 401","status":"passed","title":"unauthorized returns 401","duration":0.8173999999999069,"failureMessages":[],"meta":{},"tags":[]},{"ancestorTitles":[],"fullName":"conflict returns 409","status":"passed","title":"conflict returns 409","duration":0.827900000000227,"failureMessages":[],"meta":{},"tags":[]},{"ancestorTitles":[],"fullName":"internalError returns 500","status":"passed","title":"internalError returns 500","duration":0.6096000000002277,"failureMessages":[],"meta":{},"tags":[]},{"ancestorTitles":[],"fullName":"parseJsonBody returns badRequest on schema mismatch","status":"passed","title":"parseJsonBody returns badRequest on schema mismatch","duration":1.9394999999999527,"failureMessages":[],"meta":{},"tags":[]}],"startTime":1774877507437,"endTime":1774877507454.9395,"status":"passed","message":"","name":"D:/LiveFit Project/Project-LiveFit/src/lib/api.test.ts"},{"assertionResults":[{"ancestorTitles":["Auth Options","CredentialsProvider Authorize"],"fullName":"Auth Options CredentialsProvider Authorize throws error if credentials missing","status":"passed","title":"throws error if credentials missing","duration":4.509099999999762,"failureMessages":[],"meta":{},"tags":[]},{"ancestorTitles":["Auth Options","CredentialsProvider Authorize"],"fullName":"Auth Options CredentialsProvider Authorize throws error if user not found or no password","status":"passed","title":"throws error if user not found or no password","duration":1.1891000000000531,"failureMessages":[],"meta":{},"tags":[]},{"ancestorTitles":["Auth Options","CredentialsProvider Authorize"],"fullName":"Auth Options CredentialsProvider Authorize throws error if password invalid","status":"passed","title":"throws error if password invalid","duration":0.5745999999999185,"failureMessages":[],"meta":{},"tags":[]},{"ancestorTitles":["Auth Options","CredentialsProvider Authorize"],"fullName":"Auth Options CredentialsProvider Authorize returns user if valid","status":"passed","title":"returns user if valid","duration":1.058799999999792,"failureMessages":[],"meta":{},"tags":[]},{"ancestorTitles":["Auth Options","Callbacks"],"fullName":"Auth Options Callbacks jwt returns token with user id","status":"passed","title":"jwt returns token with user id","duration":0.48329999999987194,"failureMessages":[],"meta":{},"tags":[]},{"ancestorTitles":["Auth Options","Callbacks"],"fullName":"Auth Options Callbacks session maps token id to user id","status":"passed","title":"session maps token id to user id","duration":0.5354999999999563,"failureMessages":[],"meta":{},"tags":[]}],"startTime":1774877507558,"endTime":1774877507567.5354,"status":"passed","message":"","name":"D:/LiveFit Project/Project-LiveFit/src/lib/auth.test.ts"},{"assertionResults":[{"ancestorTitles":[],"fullName":"requestJson returns parsed JSON for successful responses","status":"passed","title":"requestJson returns parsed JSON for successful responses","duration":11.742600000000039,"failureMessages":[],"meta":{},"tags":[]},{"ancestorTitles":[],"fullName":"requestJson throws ApiClientError for error responses","status":"passed","title":"requestJson throws ApiClientError for error responses","duration":4.84920000000011,"failureMessages":[],"meta":{},"tags":[]},{"ancestorTitles":[],"fullName":"requestJson handles non-JSON errors","status":"passed","title":"requestJson handles non-JSON errors","duration":3.4601000000002387,"failureMessages":[],"meta":{},"tags":[]},{"ancestorTitles":[],"fullName":"requestJson handles JSON without error field","status":"passed","title":"requestJson handles JSON without error field","duration":2.0140000000001237,"failureMessages":[],"meta":{},"tags":[]},{"ancestorTitles":[],"fullName":"requestJson handles invalid JSON","status":"passed","title":"requestJson handles invalid JSON","duration":1.316899999999805,"failureMessages":[],"meta":{},"tags":[]},{"ancestorTitles":[],"fullName":"getClientErrorMessage handles Error instances","status":"passed","title":"getClientErrorMessage handles Error instances","duration":0.4030999999999949,"failureMessages":[],"meta":{},"tags":[]},{"ancestorTitles":[],"fullName":"getClientErrorMessage fallback","status":"passed","title":"getClientErrorMessage fallback","duration":0.2588999999998123,"failureMessages":[],"meta":{},"tags":[]}],"startTime":1774877506317,"endTime":1774877506341.2588,"status":"passed","message":"","name":"D:/LiveFit Project/Project-LiveFit/src/lib/client-api.test.ts"},{"assertionResults":[{"ancestorTitles":["dashboard utilities","parseTab"],"fullName":"dashboard utilities parseTab returns valid tab if provided","status":"passed","title":"returns valid tab if provided","duration":6.229100000000017,"failureMessages":[],"meta":{},"tags":[]},{"ancestorTitles":["dashboard utilities","parseTab"],"fullName":"dashboard utilities parseTab returns \"chat\" for invalid or null tab","status":"passed","title":"returns \"chat\" for invalid or null tab","duration":0.6929000000000087,"failureMessages":[],"meta":{},"tags":[]},{"ancestorTitles":["dashboard utilities","toMeasurementForm"],"fullName":"dashboard utilities toMeasurementForm returns empty form for null input","status":"passed","title":"returns empty form for null input","duration":2.2806000000000495,"failureMessages":[],"meta":{},"tags":[]},{"ancestorTitles":["dashboard utilities","toMeasurementForm"],"fullName":"dashboard utilities toMeasurementForm converts measurement to form strings","status":"passed","title":"converts measurement to form strings","duration":0.7768000000000939,"failureMessages":[],"meta":{},"tags":[]},{"ancestorTitles":["dashboard utilities","toMeasurementPayload"],"fullName":"dashboard utilities toMeasurementPayload converts form strings back to numbers or null","status":"passed","title":"converts form strings back to numbers or null","duration":7.139499999999771,"failureMessages":[],"meta":{},"tags":[]},{"ancestorTitles":["dashboard utilities","sumNutrition"],"fullName":"dashboard utilities sumNutrition sums kcal and protein correctly","status":"passed","title":"sums kcal and protein correctly","duration":1.7235000000000582,"failureMessages":[],"meta":{},"tags":[]},{"ancestorTitles":["dashboard utilities","getTrackedDayCount"],"fullName":"dashboard utilities getTrackedDayCount counts unique days across categories","status":"passed","title":"counts unique days across categories","duration":0.8150000000000546,"failureMessages":[],"meta":{},"tags":[]},{"ancestorTitles":["dashboard utilities","getProteinTarget"],"fullName":"dashboard utilities getProteinTarget returns correct target for day type","status":"passed","title":"returns correct target for day type","duration":0.44630000000006476,"failureMessages":[],"meta":{},"tags":[]},{"ancestorTitles":["dashboard utilities","buildDayTypeMap"],"fullName":"dashboard utilities buildDayTypeMap converts array to map","status":"passed","title":"converts array to map","duration":0.8600999999998749,"failureMessages":[],"meta":{},"tags":[]},{"ancestorTitles":["dashboard utilities","buildHistoryRows"],"fullName":"dashboard utilities buildHistoryRows aggregates data into daily rows","status":"passed","title":"aggregates data into daily rows","duration":80.42020000000002,"failureMessages":[],"meta":{},"tags":[]},{"ancestorTitles":["dashboard utilities","getErrorMessage"],"fullName":"dashboard utilities getErrorMessage extracts message from Error object","status":"passed","title":"extracts message from Error object","duration":0.4574999999999818,"failureMessages":[],"meta":{},"tags":[]},{"ancestorTitles":["dashboard utilities","getErrorMessage"],"fullName":"dashboard utilities getErrorMessage returns fallback for non-error types","status":"passed","title":"returns fallback for non-error types","duration":0.2124999999996362,"failureMessages":[],"meta":{},"tags":[]},{"ancestorTitles":["dashboard utilities","getLocalDateKey"],"fullName":"dashboard utilities getLocalDateKey formats date correctly as YYYY-MM-DD","status":"passed","title":"formats date correctly as YYYY-MM-DD","duration":0.3613000000000284,"failureMessages":[],"meta":{},"tags":[]},{"ancestorTitles":["dashboard utilities","getTodayFoodLogs"],"fullName":"dashboard utilities getTodayFoodLogs filters logs for today","status":"passed","title":"filters logs for today","duration":0.47499999999990905,"failureMessages":[],"meta":{},"tags":[]},{"ancestorTitles":["dashboard utilities","getLatestSleepLog"],"fullName":"dashboard utilities getLatestSleepLog returns first log if exists","status":"passed","title":"returns first log if exists","duration":0.5439000000001215,"failureMessages":[],"meta":{},"tags":[]}],"startTime":1774877505090,"endTime":1774877505194.544,"status":"passed","message":"","name":"D:/LiveFit Project/Project-LiveFit/src/lib/dashboard.test.ts"},{"assertionResults":[{"ancestorTitles":["persistence utility","persistLogData"],"fullName":"persistence utility persistLogData returns early if no envelopes are provided","status":"passed","title":"returns early if no envelopes are provided","duration":3.9432000000006155,"failureMessages":[],"meta":{},"tags":[]},{"ancestorTitles":["persistence utility","persistLogData"],"fullName":"persistence utility persistLogData skips envelopes without a category","status":"passed","title":"skips envelopes without a category","duration":1.2519000000002052,"failureMessages":[],"meta":{},"tags":[]},{"ancestorTitles":["persistence utility","persistLogData"],"fullName":"persistence utility persistLogData persists food logs (single item)","status":"passed","title":"persists food logs (single item)","duration":9.758499999999913,"failureMessages":[],"meta":{},"tags":[]},{"ancestorTitles":["persistence utility","persistLogData"],"fullName":"persistence utility persistLogData persists food logs (array of items)","status":"passed","title":"persists food logs (array of items)","duration":1.4868999999998778,"failureMessages":[],"meta":{},"tags":[]},{"ancestorTitles":["persistence utility","persistLogData"],"fullName":"persistence utility persistLogData updates existing food log if update flag is set","status":"passed","title":"updates existing food log if update flag is set","duration":2.6322000000000116,"failureMessages":[],"meta":{},"tags":[]},{"ancestorTitles":["persistence utility","persistLogData"],"fullName":"persistence utility persistLogData persists workout log","status":"passed","title":"persists workout log","duration":5.258499999999913,"failureMessages":[],"meta":{},"tags":[]},{"ancestorTitles":["persistence utility","persistLogData"],"fullName":"persistence utility persistLogData updates existing workout log","status":"passed","title":"updates existing workout log","duration":0.8802999999998065,"failureMessages":[],"meta":{},"tags":[]},{"ancestorTitles":["persistence utility","persistLogData"],"fullName":"persistence utility persistLogData persists sleep log","status":"passed","title":"persists sleep log","duration":1.4241000000001804,"failureMessages":[],"meta":{},"tags":[]},{"ancestorTitles":["persistence utility","persistLogData"],"fullName":"persistence utility persistLogData updates sleep log","status":"passed","title":"updates sleep log","duration":0.6266999999998006,"failureMessages":[],"meta":{},"tags":[]},{"ancestorTitles":["persistence utility","persistLogData"],"fullName":"persistence utility persistLogData persists measurements","status":"passed","title":"persists measurements","duration":1.90099999999984,"failureMessages":[],"meta":{},"tags":[]},{"ancestorTitles":["persistence utility","persistLogData"],"fullName":"persistence utility persistLogData updates measurements","status":"passed","title":"updates measurements","duration":0.7041000000008353,"failureMessages":[],"meta":{},"tags":[]},{"ancestorTitles":["persistence utility","persistLogData"],"fullName":"persistence utility persistLogData persists profile updates","status":"passed","title":"persists profile updates","duration":2.1865999999999985,"failureMessages":[],"meta":{},"tags":[]},{"ancestorTitles":["persistence utility","persistLogData"],"fullName":"persistence utility persistLogData persists goal updates","status":"passed","title":"persists goal updates","duration":1.843499999999949,"failureMessages":[],"meta":{},"tags":[]},{"ancestorTitles":["persistence utility","persistLogData"],"fullName":"persistence utility persistLogData persists dayType updates","status":"passed","title":"persists dayType updates","duration":1.1876000000002023,"failureMessages":[],"meta":{},"tags":[]},{"ancestorTitles":["persistence utility","persistLogData"],"fullName":"persistence utility persistLogData normalizes dayType values","status":"passed","title":"normalizes dayType values","duration":3.568000000000211,"failureMessages":[],"meta":{},"tags":[]},{"ancestorTitles":["persistence utility","persistLogData"],"fullName":"persistence utility persistLogData throws error if persistence fails within transaction","status":"passed","title":"throws error if persistence fails within transaction","duration":3.5349999999998545,"failureMessages":[],"meta":{},"tags":[]},{"ancestorTitles":["persistence utility","persistLogData"],"fullName":"persistence utility persistLogData skips invalid food items","status":"passed","title":"skips invalid food items","duration":9.264199999999619,"failureMessages":[],"meta":{},"tags":[]},{"ancestorTitles":["persistence utility","persistLogData"],"fullName":"persistence utility persistLogData skips invalid workout items","status":"passed","title":"skips invalid workout items","duration":4.1104999999997744,"failureMessages":[],"meta":{},"tags":[]},{"ancestorTitles":["persistence utility","persistLogData"],"fullName":"persistence utility persistLogData skips invalid sleep items","status":"passed","title":"skips invalid sleep items","duration":9.80580000000009,"failureMessages":[],"meta":{},"tags":[]},{"ancestorTitles":["persistence utility","persistLogData"],"fullName":"persistence utility persistLogData skips invalid measurement items","status":"passed","title":"skips invalid measurement items","duration":8.55369999999948,"failureMessages":[],"meta":{},"tags":[]},{"ancestorTitles":["persistence utility","persistLogData"],"fullName":"persistence utility persistLogData skips invalid profile items","status":"passed","title":"skips invalid profile items","duration":2.891599999999926,"failureMessages":[],"meta":{},"tags":[]},{"ancestorTitles":["persistence utility","persistLogData"],"fullName":"persistence utility persistLogData skips invalid goal items","status":"passed","title":"skips invalid goal items","duration":2.7052999999996246,"failureMessages":[],"meta":{},"tags":[]},{"ancestorTitles":["persistence utility","persistLogData"],"fullName":"persistence utility persistLogData handles non-object data gracefully in helpers","status":"passed","title":"handles non-object data gracefully in helpers","duration":1.763600000000224,"failureMessages":[],"meta":{},"tags":[]}],"startTime":1774877501332,"endTime":1774877501413.7637,"status":"passed","message":"","name":"D:/LiveFit Project/Project-LiveFit/src/lib/persistence.test.ts"},{"assertionResults":[{"ancestorTitles":["Validation Schemas","DayTypeSchema"],"fullName":"Validation Schemas DayTypeSchema accepts valid day types","status":"passed","title":"accepts valid day types","duration":3.9540000000001783,"failureMessages":[],"meta":{},"tags":[]},{"ancestorTitles":["Validation Schemas","DayTypeSchema"],"fullName":"Validation Schemas DayTypeSchema rejects invalid day types","status":"passed","title":"rejects invalid day types","duration":3.48700000000008,"failureMessages":[],"meta":{},"tags":[]},{"ancestorTitles":["Validation Schemas","GoalSchema"],"fullName":"Validation Schemas GoalSchema validates a complete goal object","status":"passed","title":"validates a complete goal object","duration":5.594900000000052,"failureMessages":[],"meta":{},"tags":[]},{"ancestorTitles":["Validation Schemas","GoalSchema"],"fullName":"Validation Schemas GoalSchema rejects negative values","status":"passed","title":"rejects negative values","duration":1.076100000000224,"failureMessages":[],"meta":{},"tags":[]},{"ancestorTitles":["Validation Schemas","GoalSchema"],"fullName":"Validation Schemas GoalSchema rejects non-finite numbers","status":"passed","title":"rejects non-finite numbers","duration":0.47899999999981446,"failureMessages":[],"meta":{},"tags":[]},{"ancestorTitles":["Validation Schemas","SignupSchema"],"fullName":"Validation Schemas SignupSchema accepts matching passwords","status":"passed","title":"accepts matching passwords","duration":1.7399000000000342,"failureMessages":[],"meta":{},"tags":[]},{"ancestorTitles":["Validation Schemas","SignupSchema"],"fullName":"Validation Schemas SignupSchema rejects mismatched passwords","status":"passed","title":"rejects mismatched passwords","duration":0.9295999999999367,"failureMessages":[],"meta":{},"tags":[]},{"ancestorTitles":["Validation Schemas","SignupSchema"],"fullName":"Validation Schemas SignupSchema rejects invalid emails","status":"passed","title":"rejects invalid emails","duration":1.2653999999997723,"failureMessages":[],"meta":{},"tags":[]},{"ancestorTitles":["Validation Schemas","ChatRequestSchema"],"fullName":"Validation Schemas ChatRequestSchema requires either a prompt or an image/audio attachment","status":"passed","title":"requires either a prompt or an image/audio attachment","duration":3.842999999999847,"failureMessages":[],"meta":{},"tags":[]},{"ancestorTitles":["Validation Schemas","MeasurementSchema"],"fullName":"Validation Schemas MeasurementSchema validates partial measurements","status":"passed","title":"validates partial measurements","duration":3.2056000000002314,"failureMessages":[],"meta":{},"tags":[]},{"ancestorTitles":["Validation Schemas","MeasurementSchema"],"fullName":"Validation Schemas MeasurementSchema validates date format","status":"passed","title":"validates date format","duration":2.2510000000002037,"failureMessages":[],"meta":{},"tags":[]}],"startTime":1774877506380,"endTime":1774877506409.251,"status":"passed","message":"","name":"D:/LiveFit Project/Project-LiveFit/src/lib/validation.test.ts"},{"assertionResults":[],"startTime":1774877490221,"endTime":1774877490221,"status":"failed","message":"Failed to resolve import \"react-hot-toast\" from \"src/app/settings/page.tsx\". Does the file exist?","name":"D:/LiveFit Project/Project-LiveFit/src/app/settings/page.test.tsx"},{"assertionResults":[{"ancestorTitles":["Auth Utility Components","AuthShell"],"fullName":"Auth Utility Components AuthShell renders all required text props","status":"passed","title":"renders all required text props","duration":216.70460000000003,"failureMessages":[],"meta":{},"tags":[]},{"ancestorTitles":["Auth Utility Components","AuthShell"],"fullName":"Auth Utility Components AuthShell renders children and optional illustration","status":"passed","title":"renders children and optional illustration","duration":50.03890000000047,"failureMessages":[],"meta":{},"tags":[]},{"ancestorTitles":["Auth Utility Components","AuthShell"],"fullName":"Auth Utility Components AuthShell renders back link correctly","status":"passed","title":"renders back link correctly","duration":33.20090000000073,"failureMessages":[],"meta":{},"tags":[]},{"ancestorTitles":["Auth Utility Components","FitnessIllustration"],"fullName":"Auth Utility Components FitnessIllustration renders svg and paths","status":"passed","title":"renders svg and paths","duration":25.658000000000357,"failureMessages":[],"meta":{},"tags":[]},{"ancestorTitles":["Auth Utility Components","NutritionIllustration"],"fullName":"Auth Utility Components NutritionIllustration renders svg and motion elements","status":"passed","title":"renders svg and motion elements","duration":56.92870000000039,"failureMessages":[],"meta":{},"tags":[]}],"startTime":1774877500671,"endTime":1774877501053.9287,"status":"passed","message":"","name":"D:/LiveFit Project/Project-LiveFit/src/components/auth/AuthComponents.test.tsx"},{"assertionResults":[{"ancestorTitles":[],"fullName":"GoogleMark renders the Google SVG logo","status":"passed","title":"GoogleMark renders the Google SVG logo","duration":66.32499999999982,"failureMessages":[],"meta":{},"tags":[]}],"startTime":1774877505376,"endTime":1774877505442.325,"status":"passed","message":"","name":"D:/LiveFit Project/Project-LiveFit/src/components/auth/GoogleMark.test.tsx"},{"assertionResults":[{"ancestorTitles":["ChatInput Component"],"fullName":"ChatInput Component renders the input field correctly","status":"passed","title":"renders the input field correctly","duration":203.27149999999983,"failureMessages":[],"meta":{},"tags":[]},{"ancestorTitles":["ChatInput Component"],"fullName":"ChatInput Component calls setInput when typing","status":"passed","title":"calls setInput when typing","duration":45.24330000000009,"failureMessages":[],"meta":{},"tags":[]},{"ancestorTitles":["ChatInput Component"],"fullName":"ChatInput Component calls onSend when Enter is pressed","status":"passed","title":"calls onSend when Enter is pressed","duration":21.748899999999594,"failureMessages":[],"meta":{},"tags":[]},{"ancestorTitles":["ChatInput Component"],"fullName":"ChatInput Component renders mic button when input is empty","status":"passed","title":"renders mic button when input is empty","duration":19.552099999999882,"failureMessages":[],"meta":{},"tags":[]},{"ancestorTitles":["ChatInput Component"],"fullName":"ChatInput Component renders send button when input has text","status":"passed","title":"renders send button when input has text","duration":15.22320000000036,"failureMessages":[],"meta":{},"tags":[]},{"ancestorTitles":["ChatInput Component"],"fullName":"ChatInput Component calls onSend when send button is clicked","status":"passed","title":"calls onSend when send button is clicked","duration":23.817699999999604,"failureMessages":[],"meta":{},"tags":[]},{"ancestorTitles":["ChatInput Component"],"fullName":"ChatInput Component renders pending attachments correctly","status":"passed","title":"renders pending attachments correctly","duration":62.80779999999959,"failureMessages":[],"meta":{},"tags":[]},{"ancestorTitles":["ChatInput Component"],"fullName":"ChatInput Component calls onRemoveAttachment when remove button is clicked","status":"passed","title":"calls onRemoveAttachment when remove button is clicked","duration":24.468199999999342,"failureMessages":[],"meta":{},"tags":[]}],"startTime":1774877499428,"endTime":1774877499844.4683,"status":"passed","message":"","name":"D:/LiveFit Project/Project-LiveFit/src/components/Chat/ChatInput.test.tsx"},{"assertionResults":[{"ancestorTitles":["MessageBubble Component"],"fullName":"MessageBubble Component renders a user message correctly","status":"passed","title":"renders a user message correctly","duration":126.47469999999976,"failureMessages":[],"meta":{},"tags":[]},{"ancestorTitles":["MessageBubble Component"],"fullName":"MessageBubble Component renders a model message correctly","status":"passed","title":"renders a model message correctly","duration":15.889100000000326,"failureMessages":[],"meta":{},"tags":[]},{"ancestorTitles":["MessageBubble Component"],"fullName":"MessageBubble Component renders attachments","status":"passed","title":"renders attachments","duration":42.61169999999947,"failureMessages":[],"meta":{},"tags":[]},{"ancestorTitles":["MessageBubble Component"],"fullName":"MessageBubble Component renders standard welcome message formatted incorrectly if not new user","status":"passed","title":"renders standard welcome message formatted incorrectly if not new user","duration":44.20299999999952,"failureMessages":[],"meta":{},"tags":[]}],"startTime":1774877500524,"endTime":1774877500754.203,"status":"passed","message":"","name":"D:/LiveFit Project/Project-LiveFit/src/components/Chat/MessageBubble.test.tsx"},{"assertionResults":[{"ancestorTitles":["QuickChips Components"],"fullName":"QuickChips Components QuickChip renders and handles click","status":"passed","title":"QuickChip renders and handles click","duration":131.8063000000002,"failureMessages":[],"meta":{},"tags":[]},{"ancestorTitles":["QuickChips Components"],"fullName":"QuickChips Components QuickChips list renders and triggers onSelect","status":"passed","title":"QuickChips list renders and triggers onSelect","duration":96.53110000000015,"failureMessages":[],"meta":{},"tags":[]}],"startTime":1774877502265,"endTime":1774877502493.531,"status":"passed","message":"","name":"D:/LiveFit Project/Project-LiveFit/src/components/Chat/QuickChips.test.tsx"},{"assertionResults":[{"ancestorTitles":["Shared Utility Components","GlassMetric"],"fullName":"Shared Utility Components GlassMetric renders label and value","status":"passed","title":"renders label and value","duration":145.45049999999992,"failureMessages":[],"meta":{},"tags":[]},{"ancestorTitles":["Shared Utility Components","GlassMetric"],"fullName":"Shared Utility Components GlassMetric renders target and percentage when provided","status":"passed","title":"renders target and percentage when provided","duration":38.18209999999999,"failureMessages":[],"meta":{},"tags":[]},{"ancestorTitles":["Shared Utility Components","GlassMetric"],"fullName":"Shared Utility Components GlassMetric handles click events","status":"passed","title":"handles click events","duration":27.606700000000274,"failureMessages":[],"meta":{},"tags":[]},{"ancestorTitles":["Shared Utility Components","EmptyState"],"fullName":"Shared Utility Components EmptyState renders message and description","status":"passed","title":"renders message and description","duration":9.391099999999824,"failureMessages":[],"meta":{},"tags":[]},{"ancestorTitles":["Shared Utility Components","EmptyState"],"fullName":"Shared Utility Components EmptyState renders action component","status":"passed","title":"renders action component","duration":8.176900000000387,"failureMessages":[],"meta":{},"tags":[]},{"ancestorTitles":["Shared Utility Components","ProgressBar"],"fullName":"Shared Utility Components ProgressBar renders with correct percentage","status":"passed","title":"renders with correct percentage","duration":4.393900000000031,"failureMessages":[],"meta":{},"tags":[]},{"ancestorTitles":["Shared Utility Components","ProgressBar"],"fullName":"Shared Utility Components ProgressBar applies status class","status":"passed","title":"applies status class","duration":5.711299999999937,"failureMessages":[],"meta":{},"tags":[]},{"ancestorTitles":["Shared Utility Components","GlassPane"],"fullName":"Shared Utility Components GlassPane renders children and applies padding by default","status":"passed","title":"renders children and applies padding by default","duration":17.009100000000217,"failureMessages":[],"meta":{},"tags":[]},{"ancestorTitles":["Shared Utility Components","GlassPane"],"fullName":"Shared Utility Components GlassPane removes padding when noPadding is true","status":"passed","title":"removes padding when noPadding is true","duration":3.9828000000006796,"failureMessages":[],"meta":{},"tags":[]},{"ancestorTitles":["Shared Utility Components","GlassPopover"],"fullName":"Shared Utility Components GlassPopover renders when open","status":"passed","title":"renders when open","duration":5.720200000000659,"failureMessages":[],"meta":{},"tags":[]},{"ancestorTitles":["Shared Utility Components","GlassPopover"],"fullName":"Shared Utility Components GlassPopover renders title if provided","status":"passed","title":"renders title if provided","duration":8.375900000000001,"failureMessages":[],"meta":{},"tags":[]},{"ancestorTitles":["Shared Utility Components","GlassPopover"],"fullName":"Shared Utility Components GlassPopover calls onClose when close button or overlay is clicked","status":"passed","title":"calls onClose when close button or overlay is clicked","duration":6.910900000000765,"failureMessages":[],"meta":{},"tags":[]},{"ancestorTitles":["Shared Utility Components","CloudBackground"],"fullName":"Shared Utility Components CloudBackground renders without crashing","status":"passed","title":"renders without crashing","duration":34.34889999999996,"failureMessages":[],"meta":{},"tags":[]}],"startTime":1774877500713,"endTime":1774877501029.3489,"status":"passed","message":"","name":"D:/LiveFit Project/Project-LiveFit/src/components/Shared/SharedComponents.test.tsx"},{"assertionResults":[{"ancestorTitles":["BodyTab Component"],"fullName":"BodyTab Component renders measurement inputs correctly","status":"passed","title":"renders measurement inputs correctly","duration":600.6363000000001,"failureMessages":[],"meta":{},"tags":[]},{"ancestorTitles":["BodyTab Component"],"fullName":"BodyTab Component calls setMeasurements when an input changes","status":"passed","title":"calls setMeasurements when an input changes","duration":213.7483999999995,"failureMessages":[],"meta":{},"tags":[]},{"ancestorTitles":["BodyTab Component"],"fullName":"BodyTab Component calls handleSaveMeasurements when button is clicked","status":"passed","title":"calls handleSaveMeasurements when button is clicked","duration":195.07909999999993,"failureMessages":[],"meta":{},"tags":[]},{"ancestorTitles":["BodyTab Component"],"fullName":"BodyTab Component renders latest stats when available","status":"passed","title":"renders latest stats when available","duration":156.04380000000037,"failureMessages":[],"meta":{},"tags":[]},{"ancestorTitles":["BodyTab Component"],"fullName":"BodyTab Component renders measurement history table after fetch","status":"passed","title":"renders measurement history table after fetch","duration":215.65329999999994,"failureMessages":[],"meta":{},"tags":[]},{"ancestorTitles":["BodyTab Component"],"fullName":"BodyTab Component renders empty message when no latest measurement","status":"passed","title":"renders empty message when no latest measurement","duration":83.48130000000037,"failureMessages":[],"meta":{},"tags":[]},{"ancestorTitles":["BodyTab Component"],"fullName":"BodyTab Component renders all measurement fields in the input grid","status":"passed","title":"renders all measurement fields in the input grid","duration":266.8158000000003,"failureMessages":[],"meta":{},"tags":[]},{"ancestorTitles":["BodyTab Component"],"fullName":"BodyTab Component renders latest measurement values in the stats card","status":"passed","title":"renders latest measurement values in the stats card","duration":113.38979999999992,"failureMessages":[],"meta":{},"tags":[]},{"ancestorTitles":["BodyTab Component"],"fullName":"BodyTab Component handles fetch error gracefully","status":"passed","title":"handles fetch error gracefully","duration":144.42429999999968,"failureMessages":[],"meta":{},"tags":[]}],"startTime":1774877495030,"endTime":1774877497030.4243,"status":"passed","message":"","name":"D:/LiveFit Project/Project-LiveFit/src/components/Tabs/BodyTab.test.tsx"},{"assertionResults":[{"ancestorTitles":["HistoryTab Component"],"fullName":"HistoryTab Component renders analytics metric cards correctly","status":"passed","title":"renders analytics metric cards correctly","duration":396.22899999999936,"failureMessages":[],"meta":{},"tags":[]},{"ancestorTitles":["HistoryTab Component"],"fullName":"HistoryTab Component renders weight trend card correctly","status":"passed","title":"renders weight trend card correctly","duration":150.36369999999988,"failureMessages":[],"meta":{},"tags":[]},{"ancestorTitles":["HistoryTab Component"],"fullName":"HistoryTab Component renders nutrition day cards correctly","status":"passed","title":"renders nutrition day cards correctly","duration":156.55140000000029,"failureMessages":[],"meta":{},"tags":[]},{"ancestorTitles":["HistoryTab Component"],"fullName":"HistoryTab Component renders activity history table correctly","status":"passed","title":"renders activity history table correctly","duration":190.2569999999996,"failureMessages":[],"meta":{},"tags":[]},{"ancestorTitles":["HistoryTab Component"],"fullName":"HistoryTab Component renders empty messages when data is missing","status":"passed","title":"renders empty messages when data is missing","duration":61.76929999999993,"failureMessages":[],"meta":{},"tags":[]}],"startTime":1774877495062,"endTime":1774877496017.7693,"status":"passed","message":"","name":"D:/LiveFit Project/Project-LiveFit/src/components/Tabs/HistoryTab.test.tsx"},{"assertionResults":[{"ancestorTitles":["LogTab Component"],"fullName":"LogTab Component renders food log items correctly","status":"passed","title":"renders food log items correctly","duration":454.66460000000006,"failureMessages":[],"meta":{},"tags":[]},{"ancestorTitles":["LogTab Component"],"fullName":"LogTab Component renders workout logs correctly","status":"passed","title":"renders workout logs correctly","duration":98.77369999999974,"failureMessages":[],"meta":{},"tags":[]},{"ancestorTitles":["LogTab Component"],"fullName":"LogTab Component renders sleep logs correctly","status":"passed","title":"renders sleep logs correctly","duration":115.22220000000016,"failureMessages":[],"meta":{},"tags":[]},{"ancestorTitles":["LogTab Component"],"fullName":"LogTab Component renders empty messages when logs are missing","status":"passed","title":"renders empty messages when logs are missing","duration":38.72570000000087,"failureMessages":[],"meta":{},"tags":[]},{"ancestorTitles":["LogTab Component"],"fullName":"LogTab Component toggles workout details when clicked","status":"passed","title":"toggles workout details when clicked","duration":302.8914999999997,"failureMessages":[],"meta":{},"tags":[]},{"ancestorTitles":["LogTab Component"],"fullName":"LogTab Component renders all nutritional info for food items","status":"passed","title":"renders all nutritional info for food items","duration":107.34680000000026,"failureMessages":[],"meta":{},"tags":[]}],"startTime":1774877495024,"endTime":1774877496142.3467,"status":"passed","message":"","name":"D:/LiveFit Project/Project-LiveFit/src/components/Tabs/LogTab.test.tsx"},{"assertionResults":[{"ancestorTitles":["ProfileTab Component"],"fullName":"ProfileTab Component renders user info when authenticated","status":"passed","title":"renders user info when authenticated","duration":397.0497999999998,"failureMessages":[],"meta":{},"tags":[]},{"ancestorTitles":["ProfileTab Component"],"fullName":"ProfileTab Component renders Sign In button when not authenticated","status":"passed","title":"renders Sign In button when not authenticated","duration":56.789999999999964,"failureMessages":[],"meta":{},"tags":[]},{"ancestorTitles":["ProfileTab Component"],"fullName":"ProfileTab Component calls signOut when Sign Out button is clicked","status":"passed","title":"calls signOut when Sign Out button is clicked","duration":59.12989999999991,"failureMessages":[],"meta":{},"tags":[]},{"ancestorTitles":["ProfileTab Component"],"fullName":"ProfileTab Component navigates to settings when Settings button is clicked","status":"passed","title":"navigates to settings when Settings button is clicked","duration":48.97140000000036,"failureMessages":[],"meta":{},"tags":[]},{"ancestorTitles":["ProfileTab Component"],"fullName":"ProfileTab Component handles missing analytics safely","status":"passed","title":"handles missing analytics safely","duration":113.07839999999942,"failureMessages":[],"meta":{},"tags":[]}],"startTime":1774877495174,"endTime":1774877495849.0784,"status":"passed","message":"","name":"D:/LiveFit Project/Project-LiveFit/src/components/Tabs/ProfileTab.test.tsx"},{"assertionResults":[{"ancestorTitles":["Analytics API Route"],"fullName":"Analytics API Route returns 401 if not authenticated","status":"passed","title":"returns 401 if not authenticated","duration":18.297300000000178,"failureMessages":[],"meta":{},"tags":[]},{"ancestorTitles":["Analytics API Route"],"fullName":"Analytics API Route aggregates nutrition and weight data for authenticated user","status":"passed","title":"aggregates nutrition and weight data for authenticated user","duration":53.07049999999981,"failureMessages":[],"meta":{},"tags":[]},{"ancestorTitles":["Analytics API Route"],"fullName":"Analytics API Route handles empty data gracefully","status":"passed","title":"handles empty data gracefully","duration":3.3759000000000015,"failureMessages":[],"meta":{},"tags":[]},{"ancestorTitles":["Analytics API Route"],"fullName":"Analytics API Route returns 500 if database fails","status":"passed","title":"returns 500 if database fails","duration":11.088300000000345,"failureMessages":[],"meta":{},"tags":[]}],"startTime":1774877502256,"endTime":1774877502342.0884,"status":"passed","message":"","name":"D:/LiveFit Project/Project-LiveFit/src/app/api/analytics/analytics.test.ts"},{"assertionResults":[{"ancestorTitles":["Chat API Route"],"fullName":"Chat API Route returns 400 for invalid request body","status":"passed","title":"returns 400 for invalid request body","duration":35.221300000000156,"failureMessages":[],"meta":{},"tags":[]},{"ancestorTitles":["Chat API Route"],"fullName":"Chat API Route handles chat request and persists logs","status":"passed","title":"handles chat request and persists logs","duration":43.52610000000004,"failureMessages":[],"meta":{},"tags":[]},{"ancestorTitles":["Chat API Route"],"fullName":"Chat API Route returns 500 if AI fails completely","status":"passed","title":"returns 500 if AI fails completely","duration":7.393500000000131,"failureMessages":[],"meta":{},"tags":[]},{"ancestorTitles":["Chat API Route"],"fullName":"Chat API Route falls back to OpenRouter if Gemini fails","status":"passed","title":"falls back to OpenRouter if Gemini fails","duration":9.523600000000442,"failureMessages":[],"meta":{},"tags":[]}],"startTime":1774877501646,"endTime":1774877501741.5237,"status":"passed","message":"","name":"D:/LiveFit Project/Project-LiveFit/src/app/api/chat/chat.test.ts"},{"assertionResults":[{"ancestorTitles":["Chat API Route"],"fullName":"Chat API Route fails if validation fails (empty prompt)","status":"passed","title":"fails if validation fails (empty prompt)","duration":19.582300000000032,"failureMessages":[],"meta":{},"tags":[]},{"ancestorTitles":["Chat API Route"],"fullName":"Chat API Route returns 500 if AI providers are missing keys","status":"passed","title":"returns 500 if AI providers are missing keys","duration":4.0219999999999345,"failureMessages":[],"meta":{},"tags":[]},{"ancestorTitles":["Chat API Route"],"fullName":"Chat API Route successfully processes a message via Gemini","status":"passed","title":"successfully processes a message via Gemini","duration":50.38590000000022,"failureMessages":[],"meta":{},"tags":[]},{"ancestorTitles":["Chat API Route"],"fullName":"Chat API Route fails over to OpenRouter if Gemini fails","status":"passed","title":"fails over to OpenRouter if Gemini fails","duration":19.697900000000118,"failureMessages":[],"meta":{},"tags":[]},{"ancestorTitles":["Chat API Route"],"fullName":"Chat API Route handles database saving errors during session","status":"passed","title":"handles database saving errors during session","duration":17.0616,"failureMessages":[],"meta":{},"tags":[]},{"ancestorTitles":["Chat API Route"],"fullName":"Chat API Route handles persistence errors with a warning","status":"passed","title":"handles persistence errors with a warning","duration":6.483299999999872,"failureMessages":[],"meta":{},"tags":[]},{"ancestorTitles":["Chat API Route"],"fullName":"Chat API Route handles image uploads correctly","status":"passed","title":"handles image uploads correctly","duration":15.871699999999691,"failureMessages":[],"meta":{},"tags":[]}],"startTime":1774877501398,"endTime":1774877501531.8716,"status":"passed","message":"","name":"D:/LiveFit Project/Project-LiveFit/src/app/api/chat/route.test.ts"},{"assertionResults":[{"ancestorTitles":["DayTypes API Route","GET"],"fullName":"DayTypes API Route GET returns 401 if not authenticated","status":"passed","title":"returns 401 if not authenticated","duration":10.442699999999604,"failureMessages":[],"meta":{},"tags":[]},{"ancestorTitles":["DayTypes API Route","GET"],"fullName":"DayTypes API Route GET returns entries for authenticated user","status":"passed","title":"returns entries for authenticated user","duration":6.672800000000279,"failureMessages":[],"meta":{},"tags":[]},{"ancestorTitles":["DayTypes API Route","POST"],"fullName":"DayTypes API Route POST returns 401 if not authenticated","status":"passed","title":"returns 401 if not authenticated","duration":4.7181000000000495,"failureMessages":[],"meta":{},"tags":[]},{"ancestorTitles":["DayTypes API Route","POST"],"fullName":"DayTypes API Route POST upserts a day type entry","status":"passed","title":"upserts a day type entry","duration":5.553400000000693,"failureMessages":[],"meta":{},"tags":[]},{"ancestorTitles":["DayTypes API Route","POST"],"fullName":"DayTypes API Route POST returns 400 for invalid data","status":"passed","title":"returns 400 for invalid data","duration":4.298800000000483,"failureMessages":[],"meta":{},"tags":[]},{"ancestorTitles":["DayTypes API Route","POST"],"fullName":"DayTypes API Route POST returns 500 if database fails on GET","status":"passed","title":"returns 500 if database fails on GET","duration":8.847600000000057,"failureMessages":[],"meta":{},"tags":[]},{"ancestorTitles":["DayTypes API Route","POST"],"fullName":"DayTypes API Route POST returns 500 if database fails on POST","status":"passed","title":"returns 500 if database fails on POST","duration":2.9967999999998938,"failureMessages":[],"meta":{},"tags":[]}],"startTime":1774877506072,"endTime":1774877506116.9968,"status":"passed","message":"","name":"D:/LiveFit Project/Project-LiveFit/src/app/api/day-types/day-types.test.ts"},{"assertionResults":[{"ancestorTitles":["Exercises API Route"],"fullName":"Exercises API Route returns 401 if unauthorized","status":"passed","title":"returns 401 if unauthorized","duration":8.258499999999913,"failureMessages":[],"meta":{},"tags":[]},{"ancestorTitles":["Exercises API Route"],"fullName":"Exercises API Route returns exercises on success","status":"passed","title":"returns exercises on success","duration":4.745900000000347,"failureMessages":[],"meta":{},"tags":[]},{"ancestorTitles":["Exercises API Route"],"fullName":"Exercises API Route returns 500 on database error","status":"passed","title":"returns 500 on database error","duration":6.532000000000153,"failureMessages":[],"meta":{},"tags":[]}],"startTime":1774877507414,"endTime":1774877507433.532,"status":"passed","message":"","name":"D:/LiveFit Project/Project-LiveFit/src/app/api/exercises/exercises.test.ts"},{"assertionResults":[{"ancestorTitles":["Logs API Route"],"fullName":"Logs API Route returns 401 if not authenticated","status":"passed","title":"returns 401 if not authenticated","duration":9.589000000000851,"failureMessages":[],"meta":{},"tags":[]},{"ancestorTitles":["Logs API Route"],"fullName":"Logs API Route returns food, workouts, and sleep logs for authenticated user","status":"passed","title":"returns food, workouts, and sleep logs for authenticated user","duration":12.274699999999939,"failureMessages":[],"meta":{},"tags":[]},{"ancestorTitles":["Logs API Route"],"fullName":"Logs API Route returns 500 if database fails","status":"passed","title":"returns 500 if database fails","duration":20.168899999999667,"failureMessages":[],"meta":{},"tags":[]}],"startTime":1774877506334,"endTime":1774877506377.169,"status":"passed","message":"","name":"D:/LiveFit Project/Project-LiveFit/src/app/api/logs/logs.test.ts"},{"assertionResults":[{"ancestorTitles":["Goals API Route"],"fullName":"Goals API Route returns 401 if not authenticated","status":"passed","title":"returns 401 if not authenticated","duration":11.139000000000124,"failureMessages":[],"meta":{},"tags":[]},{"ancestorTitles":["Goals API Route"],"fullName":"Goals API Route returns goals for the current user","status":"passed","title":"returns goals for the current user","duration":5.499699999999393,"failureMessages":[],"meta":{},"tags":[]},{"ancestorTitles":["Goals API Route"],"fullName":"Goals API Route creates or updates goals on POST","status":"passed","title":"creates or updates goals on POST","duration":20.720000000000255,"failureMessages":[],"meta":{},"tags":[]},{"ancestorTitles":["Goals API Route"],"fullName":"Goals API Route returns 400 for invalid goal data","status":"passed","title":"returns 400 for invalid goal data","duration":3.425600000000486,"failureMessages":[],"meta":{},"tags":[]},{"ancestorTitles":["Goals API Route"],"fullName":"Goals API Route returns 500 if database fails","status":"passed","title":"returns 500 if database fails","duration":11.616099999999278,"failureMessages":[],"meta":{},"tags":[]}],"startTime":1774877506286,"endTime":1774877506338.6162,"status":"passed","message":"","name":"D:/LiveFit Project/Project-LiveFit/src/app/api/goals/goals.test.ts"},{"assertionResults":[{"ancestorTitles":["Measurements API Route","GET"],"fullName":"Measurements API Route GET returns 401 if not authenticated","status":"passed","title":"returns 401 if not authenticated","duration":14.135199999999713,"failureMessages":[],"meta":{},"tags":[]},{"ancestorTitles":["Measurements API Route","GET"],"fullName":"Measurements API Route GET returns latest measurement by default","status":"passed","title":"returns latest measurement by default","duration":7.497700000000805,"failureMessages":[],"meta":{},"tags":[]},{"ancestorTitles":["Measurements API Route","GET"],"fullName":"Measurements API Route GET returns all measurements when all=true","status":"passed","title":"returns all measurements when all=true","duration":3.9192999999995664,"failureMessages":[],"meta":{},"tags":[]},{"ancestorTitles":["Measurements API Route","POST"],"fullName":"Measurements API Route POST creates a new measurement","status":"passed","title":"creates a new measurement","duration":8.853100000000268,"failureMessages":[],"meta":{},"tags":[]},{"ancestorTitles":["Measurements API Route","POST"],"fullName":"Measurements API Route POST returns 400 for invalid data","status":"passed","title":"returns 400 for invalid data","duration":7.583700000000135,"failureMessages":[],"meta":{},"tags":[]},{"ancestorTitles":["Measurements API Route","POST"],"fullName":"Measurements API Route POST returns 500 if database fails on GET","status":"passed","title":"returns 500 if database fails on GET","duration":31.241799999999785,"failureMessages":[],"meta":{},"tags":[]},{"ancestorTitles":["Measurements API Route","POST"],"fullName":"Measurements API Route POST returns 500 if database fails on POST","status":"passed","title":"returns 500 if database fails on POST","duration":9.59820000000036,"failureMessages":[],"meta":{},"tags":[]}],"startTime":1774877504541,"endTime":1774877504624.5981,"status":"passed","message":"","name":"D:/LiveFit Project/Project-LiveFit/src/app/api/measurements/measurements.test.ts"},{"assertionResults":[{"ancestorTitles":["Routines API","GET /api/routines"],"fullName":"Routines API GET /api/routines returns 401 if unauthorized","status":"passed","title":"returns 401 if unauthorized","duration":17.40729999999985,"failureMessages":[],"meta":{},"tags":[]},{"ancestorTitles":["Routines API","GET /api/routines"],"fullName":"Routines API GET /api/routines returns routines for authenticated user","status":"passed","title":"returns routines for authenticated user","duration":8.306299999999283,"failureMessages":[],"meta":{},"tags":[]},{"ancestorTitles":["Routines API","GET /api/routines"],"fullName":"Routines API GET /api/routines returns 500 on db error","status":"passed","title":"returns 500 on db error","duration":10.878300000000309,"failureMessages":[],"meta":{},"tags":[]},{"ancestorTitles":["Routines API","POST /api/routines"],"fullName":"Routines API POST /api/routines returns 401 if unauthorized","status":"passed","title":"returns 401 if unauthorized","duration":3.823899999999412,"failureMessages":[],"meta":{},"tags":[]},{"ancestorTitles":["Routines API","POST /api/routines"],"fullName":"Routines API POST /api/routines returns 400 for invalid data","status":"passed","title":"returns 400 for invalid data","duration":1.6988000000001193,"failureMessages":[],"meta":{},"tags":[]},{"ancestorTitles":["Routines API","POST /api/routines"],"fullName":"Routines API POST /api/routines creates a new routine successfully","status":"passed","title":"creates a new routine successfully","duration":4.597200000000157,"failureMessages":[],"meta":{},"tags":[]},{"ancestorTitles":["Routines API","POST /api/routines"],"fullName":"Routines API POST /api/routines returns 500 on db error","status":"passed","title":"returns 500 on db error","duration":3.127400000000307,"failureMessages":[],"meta":{},"tags":[]}],"startTime":1774877505856,"endTime":1774877505907.1274,"status":"passed","message":"","name":"D:/LiveFit Project/Project-LiveFit/src/app/api/routines/route.test.ts"},{"assertionResults":[{"ancestorTitles":["Profile API Route","GET"],"fullName":"Profile API Route GET returns 401 if not authenticated","status":"passed","title":"returns 401 if not authenticated","duration":15.828700000000026,"failureMessages":[],"meta":{},"tags":[]},{"ancestorTitles":["Profile API Route","GET"],"fullName":"Profile API Route GET returns profile data for authenticated user","status":"passed","title":"returns profile data for authenticated user","duration":8.390900000000329,"failureMessages":[],"meta":{},"tags":[]},{"ancestorTitles":["Profile API Route","GET"],"fullName":"Profile API Route GET returns goal data when type=goals is requested","status":"passed","title":"returns goal data when type=goals is requested","duration":2.2861000000002605,"failureMessages":[],"meta":{},"tags":[]},{"ancestorTitles":["Profile API Route","POST"],"fullName":"Profile API Route POST returns 401 if not authenticated","status":"passed","title":"returns 401 if not authenticated","duration":2.508500000000822,"failureMessages":[],"meta":{},"tags":[]},{"ancestorTitles":["Profile API Route","POST"],"fullName":"Profile API Route POST updates profile data","status":"passed","title":"updates profile data","duration":33.348399999999856,"failureMessages":[],"meta":{},"tags":[]},{"ancestorTitles":["Profile API Route","POST"],"fullName":"Profile API Route POST updates goal data if goal fields are present","status":"passed","title":"updates goal data if goal fields are present","duration":4.9978000000000975,"failureMessages":[],"meta":{},"tags":[]},{"ancestorTitles":["Profile API Route","POST"],"fullName":"Profile API Route POST returns 400 for invalid profile data","status":"passed","title":"returns 400 for invalid profile data","duration":3.192399999999907,"failureMessages":[],"meta":{},"tags":[]},{"ancestorTitles":["Profile API Route","POST"],"fullName":"Profile API Route POST returns 400 for invalid goal data in POST","status":"passed","title":"returns 400 for invalid goal data in POST","duration":1.8405000000002474,"failureMessages":[],"meta":{},"tags":[]},{"ancestorTitles":["Profile API Route","POST"],"fullName":"Profile API Route POST returns 500 if database fails on GET","status":"passed","title":"returns 500 if database fails on GET","duration":10.988199999999779,"failureMessages":[],"meta":{},"tags":[]},{"ancestorTitles":["Profile API Route","POST"],"fullName":"Profile API Route POST returns 500 if database fails on POST","status":"passed","title":"returns 500 if database fails on POST","duration":3.1891999999998006,"failureMessages":[],"meta":{},"tags":[]}],"startTime":1774877501672,"endTime":1774877501759.1892,"status":"passed","message":"","name":"D:/LiveFit Project/Project-LiveFit/src/app/api/profile/profile.test.ts"},{"assertionResults":[{"ancestorTitles":["SignIn Component"],"fullName":"SignIn Component renders sign in form","status":"passed","title":"renders sign in form","duration":115.40089999999964,"failureMessages":[],"meta":{},"tags":[]},{"ancestorTitles":["SignIn Component"],"fullName":"SignIn Component handles credentials sign in","status":"passed","title":"handles credentials sign in","duration":712.0959999999995,"failureMessages":[],"meta":{},"tags":[]},{"ancestorTitles":["SignIn Component"],"fullName":"SignIn Component shows success message when redirected from signup","status":"passed","title":"shows success message when redirected from signup","duration":42.60499999999956,"failureMessages":[],"meta":{},"tags":[]},{"ancestorTitles":["SignIn Component"],"fullName":"SignIn Component shows error when signIn fails","status":"passed","title":"shows error when signIn fails","duration":190.26080000000002,"failureMessages":[],"meta":{},"tags":[]},{"ancestorTitles":["SignIn Component"],"fullName":"SignIn Component toggles password visibility","status":"passed","title":"toggles password visibility","duration":23.007800000000316,"failureMessages":[],"meta":{},"tags":[]}],"startTime":1774877494718,"endTime":1774877495802.0078,"status":"passed","message":"","name":"D:/LiveFit Project/Project-LiveFit/src/app/auth/signin/signin.page.test.tsx"},{"assertionResults":[{"ancestorTitles":["SignUp Component"],"fullName":"SignUp Component renders sign up form correctly","status":"passed","title":"renders sign up form correctly","duration":164.3820999999998,"failureMessages":[],"meta":{},"tags":[]},{"ancestorTitles":["SignUp Component"],"fullName":"SignUp Component shows password matching feedback","status":"passed","title":"shows password matching feedback","duration":100.03510000000006,"failureMessages":[],"meta":{},"tags":[]},{"ancestorTitles":["SignUp Component"],"fullName":"SignUp Component handles signup submission success","status":"passed","title":"handles signup submission success","duration":846.1610999999994,"failureMessages":[],"meta":{},"tags":[]},{"ancestorTitles":["SignUp Component"],"fullName":"SignUp Component shows error if passwords do not match on submit","status":"passed","title":"shows error if passwords do not match on submit","duration":370.0111000000006,"failureMessages":[],"meta":{},"tags":[]},{"ancestorTitles":["SignUp Component"],"fullName":"SignUp Component handles signup submission failure","status":"passed","title":"handles signup submission failure","duration":235.35840000000007,"failureMessages":[],"meta":{},"tags":[]},{"ancestorTitles":["SignUp Component"],"fullName":"SignUp Component toggles password visibility","status":"passed","title":"toggles password visibility","duration":63.076099999999315,"failureMessages":[],"meta":{},"tags":[]}],"startTime":1774877494719,"endTime":1774877496498.0762,"status":"passed","message":"","name":"D:/LiveFit Project/Project-LiveFit/src/app/auth/signup/signup.page.test.tsx"},{"assertionResults":[{"ancestorTitles":["Chat History API Route"],"fullName":"Chat History API Route returns 401 if not authenticated","status":"passed","title":"returns 401 if not authenticated","duration":10.630299999999806,"failureMessages":[],"meta":{},"tags":[]},{"ancestorTitles":["Chat History API Route"],"fullName":"Chat History API Route returns formatted chat messages for authenticated user","status":"passed","title":"returns formatted chat messages for authenticated user","duration":62.78319999999985,"failureMessages":[],"meta":{},"tags":[]},{"ancestorTitles":["Chat History API Route"],"fullName":"Chat History API Route handles malformed JSON in images","status":"passed","title":"handles malformed JSON in images","duration":3.680000000000291,"failureMessages":[],"meta":{},"tags":[]},{"ancestorTitles":["Chat History API Route"],"fullName":"Chat History API Route returns 500 if database fails","status":"passed","title":"returns 500 if database fails","duration":2.247400000000198,"failureMessages":[],"meta":{},"tags":[]}],"startTime":1774877504390,"endTime":1774877504470.2473,"status":"passed","message":"","name":"D:/LiveFit Project/Project-LiveFit/src/app/api/chat/history/chat-history.test.ts"},{"assertionResults":[{"ancestorTitles":["Signup API Route"],"fullName":"Signup API Route creates a new user with valid data","status":"passed","title":"creates a new user with valid data","duration":33.795900000000074,"failureMessages":[],"meta":{},"tags":[]},{"ancestorTitles":["Signup API Route"],"fullName":"Signup API Route returns 409 if email already exists","status":"passed","title":"returns 409 if email already exists","duration":3.7484000000004016,"failureMessages":[],"meta":{},"tags":[]},{"ancestorTitles":["Signup API Route"],"fullName":"Signup API Route returns 400 for invalid data (passwords mismatch)","status":"passed","title":"returns 400 for invalid data (passwords mismatch)","duration":3.197900000000118,"failureMessages":[],"meta":{},"tags":[]},{"ancestorTitles":["Signup API Route"],"fullName":"Signup API Route returns 500 if database fails","status":"passed","title":"returns 500 if database fails","duration":21.339499999999134,"failureMessages":[],"meta":{},"tags":[]}],"startTime":1774877504956,"endTime":1774877505018.3396,"status":"passed","message":"","name":"D:/LiveFit Project/Project-LiveFit/src/app/api/auth/signup/signup.test.ts"}]}